Log file open, 02/02/20 01:48:17
LogWindows: Failed to load 'aqProf.dll' (GetLastError=126)
LogWindows: File 'aqProf.dll' does not exist
LogWindows: Failed to load 'VtuneApi.dll' (GetLastError=126)
LogWindows: File 'VtuneApi.dll' does not exist
LogWindows: Failed to load 'VtuneApi32e.dll' (GetLastError=126)
LogWindows: File 'VtuneApi32e.dll' does not exist
LogConsoleResponse: Display: Failed to find resolution value strings in scalability ini. Falling back to default.
LogInit: Display: Running engine for game: Practica1
LogPlatformFile: Not using cached read wrapper
LogTaskGraph: Started task graph with 5 named threads and 23 total threads with 3 sets of task threads.
LogStats: Stats thread started at 0.088233
LogD3D11RHI: Loaded GFSDK_Aftermath_Lib.x64.dll
LogICUInternationalization: ICU TimeZone Detection - Raw Offset: +1:00, Platform Override: ''
LogPluginManager: Mounting plugin Paper2D
LogPluginManager: Mounting plugin AISupport
LogPluginManager: Mounting plugin LightPropagationVolume
LogPluginManager: Mounting plugin ActorLayerUtilities
LogPluginManager: Mounting plugin AnimationSharing
LogPluginManager: Mounting plugin CLionSourceCodeAccess
LogPluginManager: Mounting plugin CodeLiteSourceCodeAccess
LogPluginManager: Mounting plugin GitSourceControl
LogPluginManager: Mounting plugin KDevelopSourceCodeAccess
LogPluginManager: Mounting plugin NullSourceCodeAccess
LogPluginManager: Mounting plugin PerforceSourceControl
LogPluginManager: Mounting plugin PlasticSourceControl
LogPluginManager: Mounting plugin SubversionSourceControl
LogPluginManager: Mounting plugin UObjectPlugin
LogPluginManager: Mounting plugin VisualStudioCodeSourceCodeAccess
LogPluginManager: Mounting plugin VisualStudioSourceCodeAccess
LogPluginManager: Mounting plugin XCodeSourceCodeAccess
LogPluginManager: Mounting plugin AssetManagerEditor
LogPluginManager: Mounting plugin CryptoKeys
LogPluginManager: Mounting plugin CurveEditorTools
LogPluginManager: Mounting plugin DataValidation
LogPluginManager: Mounting plugin FacialAnimation
LogPluginManager: Mounting plugin GameplayTagsEditor
LogPluginManager: Mounting plugin MacGraphicsSwitching
LogPluginManager: Mounting plugin MaterialAnalyzer
LogPluginManager: Mounting plugin MobileLauncherProfileWizard
LogPluginManager: Mounting plugin PluginBrowser
LogPluginManager: Mounting plugin SpeedTreeImporter
LogPluginManager: Mounting plugin DatasmithContent
LogPluginManager: Mounting plugin VariantManagerContent
LogPluginManager: Mounting plugin AlembicImporter
LogPluginManager: Mounting plugin AutomationUtils
LogPluginManager: Mounting plugin BackChannel
LogPluginManager: Mounting plugin CharacterAI
LogPluginManager: Mounting plugin GeometryCache
LogPluginManager: Mounting plugin PlatformCrypto
LogPluginManager: Mounting plugin ProxyLODPlugin
LogPluginManager: Mounting plugin SkeletalReduction
LogPluginManager: Mounting plugin MagicLeap
LogPluginManager: Mounting plugin MagicLeapMedia
LogPluginManager: Mounting plugin MLSDK
LogPluginManager: Mounting plugin AndroidMedia
LogPluginManager: Mounting plugin AvfMedia
LogPluginManager: Mounting plugin ImgMedia
LogPluginManager: Mounting plugin MediaCompositing
LogPluginManager: Mounting plugin MediaPlayerEditor
LogPluginManager: Mounting plugin WebMMedia
LogPluginManager: Mounting plugin WmfMedia
LogPluginManager: Mounting plugin TcpMessaging
LogPluginManager: Mounting plugin UdpMessaging
LogPluginManager: Mounting plugin ActorSequence
LogPluginManager: Mounting plugin LevelSequenceEditor
LogPluginManager: Mounting plugin MatineeToLevelSequence
LogPluginManager: Mounting plugin NetcodeUnitTest
LogPluginManager: Mounting plugin NUTUnrealEngine4
LogPluginManager: Mounting plugin OnlineSubsystemGooglePlay
LogPluginManager: Mounting plugin OnlineSubsystemIOS
LogPluginManager: Mounting plugin OnlineSubsystem
LogPluginManager: Mounting plugin OnlineSubsystemNull
LogPluginManager: Mounting plugin OnlineSubsystemUtils
LogPluginManager: Mounting plugin LauncherChunkInstaller
LogPluginManager: Mounting plugin AndroidDeviceProfileSelector
LogPluginManager: Mounting plugin AndroidMoviePlayer
LogPluginManager: Mounting plugin AndroidPermission
LogPluginManager: Mounting plugin AppleImageUtils
LogPluginManager: Mounting plugin AppleMoviePlayer
LogPluginManager: Mounting plugin ArchVisCharacter
LogPluginManager: Mounting plugin AssetTags
LogPluginManager: Mounting plugin AudioCapture
LogPluginManager: Mounting plugin CableComponent
LogPluginManager: Mounting plugin CustomMeshComponent
LogPluginManager: Mounting plugin EditableMesh
LogPluginManager: Mounting plugin ExampleDeviceProfileSelector
LogPluginManager: Mounting plugin GoogleCloudMessaging
LogPluginManager: Mounting plugin IOSDeviceProfileSelector
LogPluginManager: Mounting plugin LinuxDeviceProfileSelector
LogPluginManager: Mounting plugin LocationServicesBPLibrary
LogPluginManager: Mounting plugin MobilePatchingUtils
LogPluginManager: Mounting plugin OculusVR
LogPluginManager: Mounting plugin PhysXVehicles
LogPluginManager: Mounting plugin PostSplashScreen
LogPluginManager: Mounting plugin ProceduralMeshComponent
LogPluginManager: Mounting plugin RuntimePhysXCooking
LogPluginManager: Mounting plugin SignificanceManager
LogPluginManager: Mounting plugin SteamVR
LogPluginManager: Mounting plugin WebMMoviePlayer
LogPluginManager: Mounting plugin WindowsMoviePlayer
LogPluginManager: Mounting plugin ScreenshotTools
LogInit: Using libcurl 7.55.1-DEV
LogInit:  - built for x86_64-pc-win32
LogInit:  - supports SSL with OpenSSL/1.1.1
LogInit:  - supports HTTP deflate (compression) using libz 1.2.8
LogInit:  - other features:
LogInit:      CURL_VERSION_SSL
LogInit:      CURL_VERSION_LIBZ
LogInit:      CURL_VERSION_IPV6
LogInit:      CURL_VERSION_ASYNCHDNS
LogInit:      CURL_VERSION_LARGEFILE
LogInit:      CURL_VERSION_IDN
LogInit:  CurlRequestOptions (configurable via config and command line):
LogInit:  - bVerifyPeer = true  - Libcurl will verify peer certificate
LogInit:  - bUseHttpProxy = false  - Libcurl will NOT use HTTP proxy
LogInit:  - bDontReuseConnections = false  - Libcurl will reuse connections
LogInit:  - MaxHostConnections = 16  - Libcurl will limit the number of connections to a host
LogInit:  - LocalHostAddr = Default
LogInit:  - BufferSize = 65536
LogOnline: OSS: Creating online subsystem instance for: NULL
LogInit: WinSock: version 1.1 (2.2), MaxSocks=32767, MaxUdp=65467
LogOnline: OSS: TryLoadSubsystemAndSetDefault: Loaded subsystem for module [NULL]
LogInit: Build: ++UE4+Release-4.24-CL-11100242
LogInit: Engine Version: 4.24.2-11100242+++UE4+Release-4.24
LogInit: Compatible Engine Version: 4.24.0-10570792+++UE4+Release-4.24
LogInit: Net CL: 10570792
LogInit: OS: Windows 10 (Release 1903) (), CPU: Intel(R) Core(TM) i7-7700HQ CPU @ 2.80GHz, GPU: Intel(R) HD Graphics 630
LogInit: Compiled (64-bit): Jan 24 2020 02:05:53
LogInit: Compiled with Visual C++: 19.16.27032.01
LogInit: Build Configuration: Development
LogInit: Branch Name: ++UE4+Release-4.24
LogInit: Command Line: 
LogInit: Base Directory: D:/EpicGames/UE_4.24/Engine/Binaries/Win64/
LogInit: Installed Engine Build: 1
LogDevObjectVersion: Number of dev versions registered: 25
LogDevObjectVersion:   Dev-Blueprints (B0D832E4-1F89-4F0D-ACCF-7EB736FD4AA2): 10
LogDevObjectVersion:   Dev-Build (E1C64328-A22C-4D53-A36C-8E866417BD8C): 0
LogDevObjectVersion:   Dev-Core (375EC13C-06E4-48FB-B500-84F0262A717E): 3
LogDevObjectVersion:   Dev-Editor (E4B068ED-F494-42E9-A231-DA0B2E46BB41): 37
LogDevObjectVersion:   Dev-Framework (CFFC743F-43B0-4480-9391-14DF171D2073): 36
LogDevObjectVersion:   Dev-Mobile (B02B49B5-BB20-44E9-A304-32B752E40360): 2
LogDevObjectVersion:   Dev-Networking (A4E4105C-59A1-49B5-A7C5-40C4547EDFEE): 0
LogDevObjectVersion:   Dev-Online (39C831C9-5AE6-47DC-9A44-9C173E1C8E7C): 0
LogDevObjectVersion:   Dev-Physics (78F01B33-EBEA-4F98-B9B4-84EACCB95AA2): 2
LogDevObjectVersion:   Dev-Platform (6631380F-2D4D-43E0-8009-CF276956A95A): 0
LogDevObjectVersion:   Dev-Rendering (12F88B9F-8875-4AFC-A67C-D90C383ABD29): 36
LogDevObjectVersion:   Dev-Sequencer (7B5AE74C-D270-4C10-A958-57980B212A5A): 11
LogDevObjectVersion:   Dev-VR (D7296918-1DD6-4BDD-9DE2-64A83CC13884): 2
LogDevObjectVersion:   Dev-LoadTimes (C2A15278-BFE7-4AFE-6C17-90FF531DF755): 1
LogDevObjectVersion:   Private-Geometry (6EACA3D4-40EC-4CC1-B786-8BED09428FC5): 3
LogDevObjectVersion:   Dev-AnimPhys (29E575DD-E0A3-4627-9D10-D276232CDCEA): 17
LogDevObjectVersion:   Dev-Anim (AF43A65D-7FD3-4947-9873-3E8ED9C1BB05): 2
LogDevObjectVersion:   Dev-ReflectionCapture (6B266CEC-1EC7-4B8F-A30B-E4D90942FC07): 1
LogDevObjectVersion:   Dev-Automation (0DF73D61-A23F-47EA-B727-89E90C41499A): 1
LogDevObjectVersion:   FortniteMain (601D1886-AC64-4F84-AA16-D3DE0DEAC7D6): 31
LogDevObjectVersion:   Dev-Enterprise (9DFFBCD6-494F-0158-E221-12823C92A888): 8
LogDevObjectVersion:   Dev-Niagara (F2AED0AC-9AFE-416F-8664-AA7FFA26D6FC): 1
LogDevObjectVersion:   Dev-Destruction (174F1F0B-B4C6-45A5-B13F-2EE8D0FB917D): 9
LogDevObjectVersion:   Dev-Physics-Ext (35F94A83-E258-406C-A318-09F59610247C): 8
LogDevObjectVersion:   Dev-CineCamera (B2E18506-4273-CFC2-A54E-F4BB758BBA07): 1
LogInit: Presizing for max 25165824 objects, including 0 objects not considered by GC, pre-allocating 0 bytes for permanent pool.
LogInit: Object subsystem initialized
LogConfig: Setting CVar [[con.DebugEarlyDefault:1]]
LogConfig: Setting CVar [[r.setres:1280x720]]
[2020.02.02-00.48.17:311][  0]LogConfig: Setting CVar [[r.VSync:0]]
[2020.02.02-00.48.17:311][  0]LogConfig: Setting CVar [[r.RHICmdBypass:0]]
[2020.02.02-00.48.17:311][  0]LogConfig: Applying CVar settings from Section [/Script/Engine.RendererSettings] File [D:/Uni/TECNOCAMPUS/Motores de Juego/Repository/Unreal/Practica1/Saved/Config/Windows/Engine.ini]
[2020.02.02-00.48.17:311][  0]LogConfig: Setting CVar [[r.GPUCrashDebugging:0]]
[2020.02.02-00.48.17:311][  0]LogConfig: Applying CVar settings from Section [/Script/Engine.RendererOverrideSettings] File [D:/Uni/TECNOCAMPUS/Motores de Juego/Repository/Unreal/Practica1/Saved/Config/Windows/Engine.ini]
[2020.02.02-00.48.17:311][  0]LogConfig: Applying CVar settings from Section [/Script/Engine.StreamingSettings] File [D:/Uni/TECNOCAMPUS/Motores de Juego/Repository/Unreal/Practica1/Saved/Config/Windows/Engine.ini]
[2020.02.02-00.48.17:311][  0]LogConfig: Setting CVar [[s.MinBulkDataSizeForAsyncLoading:131072]]
[2020.02.02-00.48.17:311][  0]LogConfig: Setting CVar [[s.AsyncLoadingThreadEnabled:0]]
[2020.02.02-00.48.17:311][  0]LogConfig: Setting CVar [[s.EventDrivenLoaderEnabled:1]]
[2020.02.02-00.48.17:311][  0]LogConfig: Setting CVar [[s.WarnIfTimeLimitExceeded:0]]
[2020.02.02-00.48.17:311][  0]LogConfig: Setting CVar [[s.TimeLimitExceededMultiplier:1.5]]
[2020.02.02-00.48.17:311][  0]LogConfig: Setting CVar [[s.TimeLimitExceededMinTime:0.005]]
[2020.02.02-00.48.17:311][  0]LogConfig: Setting CVar [[s.UseBackgroundLevelStreaming:1]]
[2020.02.02-00.48.17:311][  0]LogConfig: Setting CVar [[s.PriorityAsyncLoadingExtraTime:15.0]]
[2020.02.02-00.48.17:311][  0]LogConfig: Setting CVar [[s.LevelStreamingActorsUpdateTimeLimit:5.0]]
[2020.02.02-00.48.17:311][  0]LogConfig: Setting CVar [[s.PriorityLevelStreamingActorsUpdateExtraTime:5.0]]
[2020.02.02-00.48.17:311][  0]LogConfig: Setting CVar [[s.LevelStreamingComponentsRegistrationGranularity:10]]
[2020.02.02-00.48.17:311][  0]LogConfig: Setting CVar [[s.UnregisterComponentsTimeLimit:1.0]]
[2020.02.02-00.48.17:311][  0]LogConfig: Setting CVar [[s.LevelStreamingComponentsUnregistrationGranularity:5]]
[2020.02.02-00.48.17:311][  0]LogConfig: Setting CVar [[s.FlushStreamingOnExit:1]]
[2020.02.02-00.48.17:311][  0]LogConfig: Applying CVar settings from Section [/Script/Engine.GarbageCollectionSettings] File [D:/Uni/TECNOCAMPUS/Motores de Juego/Repository/Unreal/Practica1/Saved/Config/Windows/Engine.ini]
[2020.02.02-00.48.17:311][  0]LogConfig: Setting CVar [[gc.MaxObjectsNotConsideredByGC:1]]
[2020.02.02-00.48.17:311][  0]LogConfig: Setting CVar [[gc.SizeOfPermanentObjectPool:0]]
[2020.02.02-00.48.17:311][  0]LogConfig: Setting CVar [[gc.FlushStreamingOnGC:0]]
[2020.02.02-00.48.17:311][  0]LogConfig: Setting CVar [[gc.NumRetriesBeforeForcingGC:10]]
[2020.02.02-00.48.17:311][  0]LogConfig: Setting CVar [[gc.AllowParallelGC:1]]
[2020.02.02-00.48.17:311][  0]LogConfig: Setting CVar [[gc.TimeBetweenPurgingPendingKillObjects:61.1]]
[2020.02.02-00.48.17:311][  0]LogConfig: Setting CVar [[gc.MaxObjectsInEditor:25165824]]
[2020.02.02-00.48.17:311][  0]LogConfig: Setting CVar [[gc.IncrementalBeginDestroyEnabled:1]]
[2020.02.02-00.48.17:311][  0]LogConfig: Setting CVar [[gc.CreateGCClusters:1]]
[2020.02.02-00.48.17:311][  0]LogConfig: Setting CVar [[gc.MinGCClusterSize:5]]
[2020.02.02-00.48.17:311][  0]LogConfig: Setting CVar [[gc.ActorClusteringEnabled:0]]
[2020.02.02-00.48.17:311][  0]LogConfig: Setting CVar [[gc.BlueprintClusteringEnabled:0]]
[2020.02.02-00.48.17:311][  0]LogConfig: Setting CVar [[gc.UseDisregardForGCOnDedicatedServers:0]]
[2020.02.02-00.48.17:311][  0]LogConfig: Applying CVar settings from Section [/Script/Engine.NetworkSettings] File [D:/Uni/TECNOCAMPUS/Motores de Juego/Repository/Unreal/Practica1/Saved/Config/Windows/Engine.ini]
[2020.02.02-00.48.17:311][  0]LogConfig: Applying CVar settings from Section [/Script/UnrealEd.CookerSettings] File [D:/Uni/TECNOCAMPUS/Motores de Juego/Repository/Unreal/Practica1/Saved/Config/Windows/Engine.ini]
[2020.02.02-00.48.17:314][  0]LogConfig: Applying CVar settings from Section [ViewDistanceQuality@3] File [D:/Uni/TECNOCAMPUS/Motores de Juego/Repository/Unreal/Practica1/Saved/Config/Windows/Scalability.ini]
[2020.02.02-00.48.17:314][  0]LogConfig: Setting CVar [[r.SkeletalMeshLODBias:0]]
[2020.02.02-00.48.17:314][  0]LogConfig: Setting CVar [[r.ViewDistanceScale:1.0]]
[2020.02.02-00.48.17:314][  0]LogConfig: Applying CVar settings from Section [AntiAliasingQuality@3] File [D:/Uni/TECNOCAMPUS/Motores de Juego/Repository/Unreal/Practica1/Saved/Config/Windows/Scalability.ini]
[2020.02.02-00.48.17:314][  0]LogConfig: Setting CVar [[r.PostProcessAAQuality:4]]
[2020.02.02-00.48.17:314][  0]LogConfig: Applying CVar settings from Section [ShadowQuality@3] File [D:/Uni/TECNOCAMPUS/Motores de Juego/Repository/Unreal/Practica1/Saved/Config/Windows/Scalability.ini]
[2020.02.02-00.48.17:314][  0]LogConfig: Setting CVar [[r.LightFunctionQuality:1]]
[2020.02.02-00.48.17:314][  0]LogConfig: Setting CVar [[r.ShadowQuality:5]]
[2020.02.02-00.48.17:314][  0]LogConfig: Setting CVar [[r.Shadow.CSM.MaxCascades:10]]
[2020.02.02-00.48.17:314][  0]LogConfig: Setting CVar [[r.Shadow.MaxResolution:2048]]
[2020.02.02-00.48.17:314][  0]LogConfig: Setting CVar [[r.Shadow.MaxCSMResolution:2048]]
[2020.02.02-00.48.17:314][  0]LogConfig: Setting CVar [[r.Shadow.RadiusThreshold:0.01]]
[2020.02.02-00.48.17:314][  0]LogConfig: Setting CVar [[r.Shadow.DistanceScale:1.0]]
[2020.02.02-00.48.17:314][  0]LogConfig: Setting CVar [[r.Shadow.CSM.TransitionScale:1.0]]
[2020.02.02-00.48.17:314][  0]LogConfig: Setting CVar [[r.Shadow.PreShadowResolutionFactor:1.0]]
[2020.02.02-00.48.17:314][  0]LogConfig: Setting CVar [[r.DistanceFieldShadowing:1]]
[2020.02.02-00.48.17:314][  0]LogConfig: Setting CVar [[r.DistanceFieldAO:1]]
[2020.02.02-00.48.17:314][  0]LogConfig: Setting CVar [[r.AOQuality:2]]
[2020.02.02-00.48.17:314][  0]LogConfig: Setting CVar [[r.VolumetricFog:1]]
[2020.02.02-00.48.17:314][  0]LogConfig: Setting CVar [[r.VolumetricFog.GridPixelSize:8]]
[2020.02.02-00.48.17:314][  0]LogConfig: Setting CVar [[r.VolumetricFog.GridSizeZ:128]]
[2020.02.02-00.48.17:314][  0]LogConfig: Setting CVar [[r.VolumetricFog.HistoryMissSupersampleCount:4]]
[2020.02.02-00.48.17:314][  0]LogConfig: Setting CVar [[r.LightMaxDrawDistanceScale:1]]
[2020.02.02-00.48.17:314][  0]LogConfig: Setting CVar [[r.CapsuleShadows:1]]
[2020.02.02-00.48.17:314][  0]LogConfig: Applying CVar settings from Section [PostProcessQuality@3] File [D:/Uni/TECNOCAMPUS/Motores de Juego/Repository/Unreal/Practica1/Saved/Config/Windows/Scalability.ini]
[2020.02.02-00.48.17:314][  0]LogConfig: Setting CVar [[r.MotionBlurQuality:4]]
[2020.02.02-00.48.17:314][  0]LogConfig: Setting CVar [[r.AmbientOcclusionMipLevelFactor:0.4]]
[2020.02.02-00.48.17:314][  0]LogConfig: Setting CVar [[r.AmbientOcclusionMaxQuality:100]]
[2020.02.02-00.48.17:314][  0]LogConfig: Setting CVar [[r.AmbientOcclusionLevels:-1]]
[2020.02.02-00.48.17:314][  0]LogConfig: Setting CVar [[r.AmbientOcclusionRadiusScale:1.0]]
[2020.02.02-00.48.17:314][  0]LogConfig: Setting CVar [[r.DepthOfFieldQuality:2]]
[2020.02.02-00.48.17:314][  0]LogConfig: Setting CVar [[r.RenderTargetPoolMin:400]]
[2020.02.02-00.48.17:314][  0]LogConfig: Setting CVar [[r.LensFlareQuality:2]]
[2020.02.02-00.48.17:314][  0]LogConfig: Setting CVar [[r.SceneColorFringeQuality:1]]
[2020.02.02-00.48.17:314][  0]LogConfig: Setting CVar [[r.EyeAdaptationQuality:2]]
[2020.02.02-00.48.17:314][  0]LogConfig: Setting CVar [[r.BloomQuality:5]]
[2020.02.02-00.48.17:314][  0]LogConfig: Setting CVar [[r.FastBlurThreshold:100]]
[2020.02.02-00.48.17:314][  0]LogConfig: Setting CVar [[r.Upscale.Quality:3]]
[2020.02.02-00.48.17:314][  0]LogConfig: Setting CVar [[r.Tonemapper.GrainQuantization:1]]
[2020.02.02-00.48.17:314][  0]LogConfig: Setting CVar [[r.LightShaftQuality:1]]
[2020.02.02-00.48.17:314][  0]LogConfig: Setting CVar [[r.Filter.SizeScale:1]]
[2020.02.02-00.48.17:314][  0]LogConfig: Setting CVar [[r.Tonemapper.Quality:5]]
[2020.02.02-00.48.17:314][  0]LogConfig: Setting CVar [[r.DOF.Gather.AccumulatorQuality:1        ; higher gathering accumulator quality]]
[2020.02.02-00.48.17:314][  0]LogConfig: Setting CVar [[r.DOF.Gather.PostfilterMethod:1          ; Median3x3 postfilering method]]
[2020.02.02-00.48.17:314][  0]LogConfig: Setting CVar [[r.DOF.Gather.EnableBokehSettings:0       ; no bokeh simulation when gathering]]
[2020.02.02-00.48.17:314][  0]LogConfig: Setting CVar [[r.DOF.Gather.RingCount:4                 ; medium number of samples when gathering]]
[2020.02.02-00.48.17:314][  0]LogConfig: Setting CVar [[r.DOF.Scatter.ForegroundCompositing:1    ; additive foreground scattering]]
[2020.02.02-00.48.17:314][  0]LogConfig: Setting CVar [[r.DOF.Scatter.BackgroundCompositing:2    ; additive background scattering]]
[2020.02.02-00.48.17:314][  0]LogConfig: Setting CVar [[r.DOF.Scatter.EnableBokehSettings:1      ; bokeh simulation when scattering]]
[2020.02.02-00.48.17:314][  0]LogConfig: Setting CVar [[r.DOF.Scatter.MaxSpriteRatio:0.1         ; only a maximum of 10% of scattered bokeh]]
[2020.02.02-00.48.17:314][  0]LogConfig: Setting CVar [[r.DOF.Recombine.Quality:1                ; cheap slight out of focus]]
[2020.02.02-00.48.17:314][  0]LogConfig: Setting CVar [[r.DOF.Recombine.EnableBokehSettings:0    ; no bokeh simulation on slight out of focus]]
[2020.02.02-00.48.17:314][  0]LogConfig: Setting CVar [[r.DOF.TemporalAAQuality:1                ; more stable temporal accumulation]]
[2020.02.02-00.48.17:314][  0]LogConfig: Setting CVar [[r.DOF.Kernel.MaxForegroundRadius:0.025]]
[2020.02.02-00.48.17:314][  0]LogConfig: Setting CVar [[r.DOF.Kernel.MaxBackgroundRadius:0.025]]
[2020.02.02-00.48.17:314][  0]LogConfig: Applying CVar settings from Section [TextureQuality@3] File [D:/Uni/TECNOCAMPUS/Motores de Juego/Repository/Unreal/Practica1/Saved/Config/Windows/Scalability.ini]
[2020.02.02-00.48.17:314][  0]LogConfig: Setting CVar [[r.Streaming.MipBias:0]]
[2020.02.02-00.48.17:314][  0]LogConfig: Setting CVar [[r.Streaming.AmortizeCPUToGPUCopy:0]]
[2020.02.02-00.48.17:314][  0]LogConfig: Setting CVar [[r.Streaming.MaxNumTexturesToStreamPerFrame:0]]
[2020.02.02-00.48.17:315][  0]LogConfig: Setting CVar [[r.Streaming.Boost:1]]
[2020.02.02-00.48.17:315][  0]LogConfig: Setting CVar [[r.MaxAnisotropy:8]]
[2020.02.02-00.48.17:315][  0]LogConfig: Setting CVar [[r.VT.MaxAnisotropy:8]]
[2020.02.02-00.48.17:315][  0]LogConfig: Setting CVar [[r.Streaming.LimitPoolSizeToVRAM:0]]
[2020.02.02-00.48.17:315][  0]LogConfig: Setting CVar [[r.Streaming.PoolSize:1000]]
[2020.02.02-00.48.17:315][  0]LogConfig: Setting CVar [[r.Streaming.MaxEffectiveScreenSize:0]]
[2020.02.02-00.48.17:315][  0]LogConfig: Applying CVar settings from Section [EffectsQuality@3] File [D:/Uni/TECNOCAMPUS/Motores de Juego/Repository/Unreal/Practica1/Saved/Config/Windows/Scalability.ini]
[2020.02.02-00.48.17:315][  0]LogConfig: Setting CVar [[r.TranslucencyLightingVolumeDim:64]]
[2020.02.02-00.48.17:315][  0]LogConfig: Setting CVar [[r.RefractionQuality:2]]
[2020.02.02-00.48.17:315][  0]LogConfig: Setting CVar [[r.SSR.Quality:3]]
[2020.02.02-00.48.17:315][  0]LogConfig: Setting CVar [[r.SSR.HalfResSceneColor:0]]
[2020.02.02-00.48.17:315][  0]LogConfig: Setting CVar [[r.SceneColorFormat:4]]
[2020.02.02-00.48.17:315][  0]LogConfig: Setting CVar [[r.DetailMode:2]]
[2020.02.02-00.48.17:315][  0]LogConfig: Setting CVar [[r.TranslucencyVolumeBlur:1]]
[2020.02.02-00.48.17:315][  0]LogConfig: Setting CVar [[r.MaterialQualityLevel:1 ; High quality]]
[2020.02.02-00.48.17:315][  0]LogConfig: Setting CVar [[r.SSS.Scale:1]]
[2020.02.02-00.48.17:315][  0]LogConfig: Setting CVar [[r.SSS.SampleSet:2]]
[2020.02.02-00.48.17:315][  0]LogConfig: Setting CVar [[r.SSS.Quality:1]]
[2020.02.02-00.48.17:315][  0]LogConfig: Setting CVar [[r.SSS.HalfRes:1]]
[2020.02.02-00.48.17:315][  0]LogConfig: Setting CVar [[r.SSGI.Quality:3]]
[2020.02.02-00.48.17:315][  0]LogConfig: Setting CVar [[r.EmitterSpawnRateScale:1.0]]
[2020.02.02-00.48.17:315][  0]LogConfig: Setting CVar [[r.ParticleLightQuality:2]]
[2020.02.02-00.48.17:315][  0]LogConfig: Setting CVar [[r.SkyAtmosphere.AerialPerspectiveLUT.FastApplyOnOpaque:1 ; Always have FastSkyLUT 1 in this case to avoid wrong sky]]
[2020.02.02-00.48.17:315][  0]LogConfig: Setting CVar [[r.SkyAtmosphere.AerialPerspectiveLUT.SampleCountPerSlice:1]]
[2020.02.02-00.48.17:315][  0]LogConfig: Setting CVar [[r.SkyAtmosphere.AerialPerspectiveLUT.DepthResolution:16.0]]
[2020.02.02-00.48.17:315][  0]LogConfig: Setting CVar [[r.SkyAtmosphere.FastSkyLUT:1]]
[2020.02.02-00.48.17:315][  0]LogConfig: Setting CVar [[r.SkyAtmosphere.FastSkyLUT.SampleCountMin:4.0]]
[2020.02.02-00.48.17:315][  0]LogConfig: Setting CVar [[r.SkyAtmosphere.FastSkyLUT.SampleCountMax:32.0]]
[2020.02.02-00.48.17:315][  0]LogConfig: Setting CVar [[r.SkyAtmosphere.SampleCountMin:4.0]]
[2020.02.02-00.48.17:315][  0]LogConfig: Setting CVar [[r.SkyAtmosphere.SampleCountMax:32.0]]
[2020.02.02-00.48.17:315][  0]LogConfig: Setting CVar [[r.SkyAtmosphere.TransmittanceLUT.UseSmallFormat:0]]
[2020.02.02-00.48.17:315][  0]LogConfig: Setting CVar [[r.SkyAtmosphere.TransmittanceLUT.SampleCount:10.0]]
[2020.02.02-00.48.17:315][  0]LogConfig: Setting CVar [[r.SkyAtmosphere.MultiScatteringLUT.SampleCount:15.0]]
[2020.02.02-00.48.17:315][  0]LogConfig: Applying CVar settings from Section [FoliageQuality@3] File [D:/Uni/TECNOCAMPUS/Motores de Juego/Repository/Unreal/Practica1/Saved/Config/Windows/Scalability.ini]
[2020.02.02-00.48.17:315][  0]LogConfig: Setting CVar [[foliage.DensityScale:1.0]]
[2020.02.02-00.48.17:315][  0]LogConfig: Setting CVar [[grass.DensityScale:1.0]]
[2020.02.02-00.48.17:315][  0]LogConfig: Applying CVar settings from Section [ShadingQuality@3] File [D:/Uni/TECNOCAMPUS/Motores de Juego/Repository/Unreal/Practica1/Saved/Config/Windows/Scalability.ini]
[2020.02.02-00.48.17:315][  0]LogConfig: Setting CVar [[r.HairStrands.SkyLighting.SampleCount:16]]
[2020.02.02-00.48.17:315][  0]LogConfig: Setting CVar [[r.HairStrands.SkyLighting.JitterIntegration:0]]
[2020.02.02-00.48.17:315][  0]LogConfig: Setting CVar [[r.HairStrands.SkyAO.SampleCount:16]]
[2020.02.02-00.48.17:315][  0]LogInit: Selected Device Profile: [Windows]
[2020.02.02-00.48.17:315][  0]LogInit: Applying CVar settings loaded from the selected device profile: [Windows]
[2020.02.02-00.48.17:317][  0]LogHAL: Display: Platform has ~ 16 GB [17059098624 / 17179869184 / 16], which maps to Larger [LargestMinGB=32, LargerMinGB=12, DefaultMinGB=8, SmallerMinGB=6, SmallestMinGB=0)
[2020.02.02-00.48.17:317][  0]LogInit: Going up to parent DeviceProfile []
[2020.02.02-00.48.17:317][  0]LogConfig: Applying CVar settings from Section [ViewDistanceQuality@3] File [D:/Uni/TECNOCAMPUS/Motores de Juego/Repository/Unreal/Practica1/Saved/Config/Windows/Scalability.ini]
[2020.02.02-00.48.17:317][  0]LogConfig: Setting CVar [[r.SkeletalMeshLODBias:0]]
[2020.02.02-00.48.17:317][  0]LogConfig: Setting CVar [[r.ViewDistanceScale:1.0]]
[2020.02.02-00.48.17:318][  0]LogConfig: Applying CVar settings from Section [AntiAliasingQuality@3] File [D:/Uni/TECNOCAMPUS/Motores de Juego/Repository/Unreal/Practica1/Saved/Config/Windows/Scalability.ini]
[2020.02.02-00.48.17:318][  0]LogConfig: Setting CVar [[r.PostProcessAAQuality:4]]
[2020.02.02-00.48.17:318][  0]LogConfig: Applying CVar settings from Section [ShadowQuality@3] File [D:/Uni/TECNOCAMPUS/Motores de Juego/Repository/Unreal/Practica1/Saved/Config/Windows/Scalability.ini]
[2020.02.02-00.48.17:318][  0]LogConfig: Setting CVar [[r.LightFunctionQuality:1]]
[2020.02.02-00.48.17:318][  0]LogConfig: Setting CVar [[r.ShadowQuality:5]]
[2020.02.02-00.48.17:318][  0]LogConfig: Setting CVar [[r.Shadow.CSM.MaxCascades:10]]
[2020.02.02-00.48.17:318][  0]LogConfig: Setting CVar [[r.Shadow.MaxResolution:2048]]
[2020.02.02-00.48.17:318][  0]LogConfig: Setting CVar [[r.Shadow.MaxCSMResolution:2048]]
[2020.02.02-00.48.17:318][  0]LogConfig: Setting CVar [[r.Shadow.RadiusThreshold:0.01]]
[2020.02.02-00.48.17:318][  0]LogConfig: Setting CVar [[r.Shadow.DistanceScale:1.0]]
[2020.02.02-00.48.17:318][  0]LogConfig: Setting CVar [[r.Shadow.CSM.TransitionScale:1.0]]
[2020.02.02-00.48.17:318][  0]LogConfig: Setting CVar [[r.Shadow.PreShadowResolutionFactor:1.0]]
[2020.02.02-00.48.17:318][  0]LogConfig: Setting CVar [[r.DistanceFieldShadowing:1]]
[2020.02.02-00.48.17:318][  0]LogConfig: Setting CVar [[r.DistanceFieldAO:1]]
[2020.02.02-00.48.17:318][  0]LogConfig: Setting CVar [[r.AOQuality:2]]
[2020.02.02-00.48.17:318][  0]LogConfig: Setting CVar [[r.VolumetricFog:1]]
[2020.02.02-00.48.17:318][  0]LogConfig: Setting CVar [[r.VolumetricFog.GridPixelSize:8]]
[2020.02.02-00.48.17:318][  0]LogConfig: Setting CVar [[r.VolumetricFog.GridSizeZ:128]]
[2020.02.02-00.48.17:318][  0]LogConfig: Setting CVar [[r.VolumetricFog.HistoryMissSupersampleCount:4]]
[2020.02.02-00.48.17:318][  0]LogConfig: Setting CVar [[r.LightMaxDrawDistanceScale:1]]
[2020.02.02-00.48.17:318][  0]LogConfig: Setting CVar [[r.CapsuleShadows:1]]
[2020.02.02-00.48.17:318][  0]LogConfig: Applying CVar settings from Section [PostProcessQuality@3] File [D:/Uni/TECNOCAMPUS/Motores de Juego/Repository/Unreal/Practica1/Saved/Config/Windows/Scalability.ini]
[2020.02.02-00.48.17:318][  0]LogConfig: Setting CVar [[r.MotionBlurQuality:4]]
[2020.02.02-00.48.17:318][  0]LogConfig: Setting CVar [[r.AmbientOcclusionMipLevelFactor:0.4]]
[2020.02.02-00.48.17:318][  0]LogConfig: Setting CVar [[r.AmbientOcclusionMaxQuality:100]]
[2020.02.02-00.48.17:318][  0]LogConfig: Setting CVar [[r.AmbientOcclusionLevels:-1]]
[2020.02.02-00.48.17:318][  0]LogConfig: Setting CVar [[r.AmbientOcclusionRadiusScale:1.0]]
[2020.02.02-00.48.17:318][  0]LogConfig: Setting CVar [[r.DepthOfFieldQuality:2]]
[2020.02.02-00.48.17:318][  0]LogConfig: Setting CVar [[r.RenderTargetPoolMin:400]]
[2020.02.02-00.48.17:318][  0]LogConfig: Setting CVar [[r.LensFlareQuality:2]]
[2020.02.02-00.48.17:318][  0]LogConfig: Setting CVar [[r.SceneColorFringeQuality:1]]
[2020.02.02-00.48.17:318][  0]LogConfig: Setting CVar [[r.EyeAdaptationQuality:2]]
[2020.02.02-00.48.17:318][  0]LogConfig: Setting CVar [[r.BloomQuality:5]]
[2020.02.02-00.48.17:318][  0]LogConfig: Setting CVar [[r.FastBlurThreshold:100]]
[2020.02.02-00.48.17:318][  0]LogConfig: Setting CVar [[r.Upscale.Quality:3]]
[2020.02.02-00.48.17:318][  0]LogConfig: Setting CVar [[r.Tonemapper.GrainQuantization:1]]
[2020.02.02-00.48.17:318][  0]LogConfig: Setting CVar [[r.LightShaftQuality:1]]
[2020.02.02-00.48.17:318][  0]LogConfig: Setting CVar [[r.Filter.SizeScale:1]]
[2020.02.02-00.48.17:318][  0]LogConfig: Setting CVar [[r.Tonemapper.Quality:5]]
[2020.02.02-00.48.17:318][  0]LogConfig: Setting CVar [[r.DOF.Gather.AccumulatorQuality:1        ; higher gathering accumulator quality]]
[2020.02.02-00.48.17:318][  0]LogConfig: Setting CVar [[r.DOF.Gather.PostfilterMethod:1          ; Median3x3 postfilering method]]
[2020.02.02-00.48.17:318][  0]LogConfig: Setting CVar [[r.DOF.Gather.EnableBokehSettings:0       ; no bokeh simulation when gathering]]
[2020.02.02-00.48.17:318][  0]LogConfig: Setting CVar [[r.DOF.Gather.RingCount:4                 ; medium number of samples when gathering]]
[2020.02.02-00.48.17:318][  0]LogConfig: Setting CVar [[r.DOF.Scatter.ForegroundCompositing:1    ; additive foreground scattering]]
[2020.02.02-00.48.17:318][  0]LogConfig: Setting CVar [[r.DOF.Scatter.BackgroundCompositing:2    ; additive background scattering]]
[2020.02.02-00.48.17:318][  0]LogConfig: Setting CVar [[r.DOF.Scatter.EnableBokehSettings:1      ; bokeh simulation when scattering]]
[2020.02.02-00.48.17:318][  0]LogConfig: Setting CVar [[r.DOF.Scatter.MaxSpriteRatio:0.1         ; only a maximum of 10% of scattered bokeh]]
[2020.02.02-00.48.17:318][  0]LogConfig: Setting CVar [[r.DOF.Recombine.Quality:1                ; cheap slight out of focus]]
[2020.02.02-00.48.17:318][  0]LogConfig: Setting CVar [[r.DOF.Recombine.EnableBokehSettings:0    ; no bokeh simulation on slight out of focus]]
[2020.02.02-00.48.17:318][  0]LogConfig: Setting CVar [[r.DOF.TemporalAAQuality:1                ; more stable temporal accumulation]]
[2020.02.02-00.48.17:318][  0]LogConfig: Setting CVar [[r.DOF.Kernel.MaxForegroundRadius:0.025]]
[2020.02.02-00.48.17:318][  0]LogConfig: Setting CVar [[r.DOF.Kernel.MaxBackgroundRadius:0.025]]
[2020.02.02-00.48.17:318][  0]LogConfig: Applying CVar settings from Section [TextureQuality@3] File [D:/Uni/TECNOCAMPUS/Motores de Juego/Repository/Unreal/Practica1/Saved/Config/Windows/Scalability.ini]
[2020.02.02-00.48.17:318][  0]LogConfig: Setting CVar [[r.Streaming.MipBias:0]]
[2020.02.02-00.48.17:318][  0]LogConfig: Setting CVar [[r.Streaming.AmortizeCPUToGPUCopy:0]]
[2020.02.02-00.48.17:318][  0]LogConfig: Setting CVar [[r.Streaming.MaxNumTexturesToStreamPerFrame:0]]
[2020.02.02-00.48.17:318][  0]LogConfig: Setting CVar [[r.Streaming.Boost:1]]
[2020.02.02-00.48.17:318][  0]LogConfig: Setting CVar [[r.MaxAnisotropy:8]]
[2020.02.02-00.48.17:318][  0]LogConfig: Setting CVar [[r.VT.MaxAnisotropy:8]]
[2020.02.02-00.48.17:318][  0]LogConfig: Setting CVar [[r.Streaming.LimitPoolSizeToVRAM:0]]
[2020.02.02-00.48.17:318][  0]LogConfig: Setting CVar [[r.Streaming.PoolSize:1000]]
[2020.02.02-00.48.17:318][  0]LogConfig: Setting CVar [[r.Streaming.MaxEffectiveScreenSize:0]]
[2020.02.02-00.48.17:318][  0]LogConfig: Applying CVar settings from Section [EffectsQuality@3] File [D:/Uni/TECNOCAMPUS/Motores de Juego/Repository/Unreal/Practica1/Saved/Config/Windows/Scalability.ini]
[2020.02.02-00.48.17:318][  0]LogConfig: Setting CVar [[r.TranslucencyLightingVolumeDim:64]]
[2020.02.02-00.48.17:318][  0]LogConfig: Setting CVar [[r.RefractionQuality:2]]
[2020.02.02-00.48.17:318][  0]LogConfig: Setting CVar [[r.SSR.Quality:3]]
[2020.02.02-00.48.17:318][  0]LogConfig: Setting CVar [[r.SSR.HalfResSceneColor:0]]
[2020.02.02-00.48.17:319][  0]LogConfig: Setting CVar [[r.SceneColorFormat:4]]
[2020.02.02-00.48.17:319][  0]LogConfig: Setting CVar [[r.DetailMode:2]]
[2020.02.02-00.48.17:319][  0]LogConfig: Setting CVar [[r.TranslucencyVolumeBlur:1]]
[2020.02.02-00.48.17:319][  0]LogConfig: Setting CVar [[r.MaterialQualityLevel:1 ; High quality]]
[2020.02.02-00.48.17:319][  0]LogConfig: Setting CVar [[r.SSS.Scale:1]]
[2020.02.02-00.48.17:319][  0]LogConfig: Setting CVar [[r.SSS.SampleSet:2]]
[2020.02.02-00.48.17:319][  0]LogConfig: Setting CVar [[r.SSS.Quality:1]]
[2020.02.02-00.48.17:319][  0]LogConfig: Setting CVar [[r.SSS.HalfRes:1]]
[2020.02.02-00.48.17:319][  0]LogConfig: Setting CVar [[r.SSGI.Quality:3]]
[2020.02.02-00.48.17:319][  0]LogConfig: Setting CVar [[r.EmitterSpawnRateScale:1.0]]
[2020.02.02-00.48.17:319][  0]LogConfig: Setting CVar [[r.ParticleLightQuality:2]]
[2020.02.02-00.48.17:319][  0]LogConfig: Setting CVar [[r.SkyAtmosphere.AerialPerspectiveLUT.FastApplyOnOpaque:1 ; Always have FastSkyLUT 1 in this case to avoid wrong sky]]
[2020.02.02-00.48.17:319][  0]LogConfig: Setting CVar [[r.SkyAtmosphere.AerialPerspectiveLUT.SampleCountPerSlice:1]]
[2020.02.02-00.48.17:319][  0]LogConfig: Setting CVar [[r.SkyAtmosphere.AerialPerspectiveLUT.DepthResolution:16.0]]
[2020.02.02-00.48.17:319][  0]LogConfig: Setting CVar [[r.SkyAtmosphere.FastSkyLUT:1]]
[2020.02.02-00.48.17:319][  0]LogConfig: Setting CVar [[r.SkyAtmosphere.FastSkyLUT.SampleCountMin:4.0]]
[2020.02.02-00.48.17:319][  0]LogConfig: Setting CVar [[r.SkyAtmosphere.FastSkyLUT.SampleCountMax:32.0]]
[2020.02.02-00.48.17:319][  0]LogConfig: Setting CVar [[r.SkyAtmosphere.SampleCountMin:4.0]]
[2020.02.02-00.48.17:319][  0]LogConfig: Setting CVar [[r.SkyAtmosphere.SampleCountMax:32.0]]
[2020.02.02-00.48.17:319][  0]LogConfig: Setting CVar [[r.SkyAtmosphere.TransmittanceLUT.UseSmallFormat:0]]
[2020.02.02-00.48.17:319][  0]LogConfig: Setting CVar [[r.SkyAtmosphere.TransmittanceLUT.SampleCount:10.0]]
[2020.02.02-00.48.17:319][  0]LogConfig: Setting CVar [[r.SkyAtmosphere.MultiScatteringLUT.SampleCount:15.0]]
[2020.02.02-00.48.17:319][  0]LogConfig: Applying CVar settings from Section [FoliageQuality@3] File [D:/Uni/TECNOCAMPUS/Motores de Juego/Repository/Unreal/Practica1/Saved/Config/Windows/Scalability.ini]
[2020.02.02-00.48.17:319][  0]LogConfig: Setting CVar [[foliage.DensityScale:1.0]]
[2020.02.02-00.48.17:319][  0]LogConfig: Setting CVar [[grass.DensityScale:1.0]]
[2020.02.02-00.48.17:319][  0]LogConfig: Applying CVar settings from Section [ShadingQuality@3] File [D:/Uni/TECNOCAMPUS/Motores de Juego/Repository/Unreal/Practica1/Saved/Config/Windows/Scalability.ini]
[2020.02.02-00.48.17:319][  0]LogConfig: Setting CVar [[r.HairStrands.SkyLighting.SampleCount:16]]
[2020.02.02-00.48.17:319][  0]LogConfig: Setting CVar [[r.HairStrands.SkyLighting.JitterIntegration:0]]
[2020.02.02-00.48.17:319][  0]LogConfig: Setting CVar [[r.HairStrands.SkyAO.SampleCount:16]]
[2020.02.02-00.48.17:319][  0]LogConfig: Applying CVar settings from Section [Startup] File [../../../Engine/Config/ConsoleVariables.ini]
[2020.02.02-00.48.17:319][  0]LogConfig: Setting CVar [[net.UseAdaptiveNetUpdateFrequency:0]]
[2020.02.02-00.48.17:319][  0]LogConfig: Setting CVar [[p.chaos.AllowCreatePhysxBodies:1]]
[2020.02.02-00.48.17:319][  0]LogConfig: Applying CVar settings from Section [ConsoleVariables] File [D:/Uni/TECNOCAMPUS/Motores de Juego/Repository/Unreal/Practica1/Saved/Config/Windows/Engine.ini]
[2020.02.02-00.48.17:319][  0]LogInit: Computer: DESKTOP-7PALTO0
[2020.02.02-00.48.17:319][  0]LogInit: User: pvale
[2020.02.02-00.48.17:319][  0]LogInit: CPU Page size=4096, Cores=4
[2020.02.02-00.48.17:319][  0]LogInit: High frequency timer resolution =10.000000 MHz
[2020.02.02-00.48.17:319][  0]LogMemory: Memory total: Physical=15.9GB (16GB approx)
[2020.02.02-00.48.17:319][  0]LogMemory: Platform Memory Stats for Windows
[2020.02.02-00.48.17:320][  0]LogMemory: Process Physical Memory: 104.62 MB used, 104.63 MB peak
[2020.02.02-00.48.17:320][  0]LogMemory: Process Virtual Memory: 100.68 MB used, 100.68 MB peak
[2020.02.02-00.48.17:320][  0]LogMemory: Physical Memory: 5359.53 MB used,  10909.29 MB free, 16268.82 MB total
[2020.02.02-00.48.17:320][  0]LogMemory: Virtual Memory: 5137.49 MB used,  134212592.00 MB free, 134217728.00 MB total
[2020.02.02-00.48.17:322][  0]LogWindows: WindowsPlatformFeatures enabled
[2020.02.02-00.48.17:341][  0]LogInit: Overriding language with editor language configuration option (en).
[2020.02.02-00.48.17:341][  0]LogInit: Overriding locale with editor culture configuration option ().
[2020.02.02-00.48.17:341][  0]LogInit: Using OS detected locale (es-ES).
[2020.02.02-00.48.17:509][  0]LogInit: Setting process to per monitor DPI aware
[2020.02.02-00.48.17:607][  0]LogSlate: New Slate User Created.  User Index 0, Is Virtual User: 0
[2020.02.02-00.48.17:608][  0]LogSlate: Slate User Registered.  User Index 0, Is Virtual User: 0
[2020.02.02-00.48.17:875][  0]LogHMD: Failed to initialize OpenVR with code 110
[2020.02.02-00.48.17:875][  0]LogD3D11RHI: D3D11 min allowed feature level: 11_0
[2020.02.02-00.48.17:875][  0]LogD3D11RHI: D3D11 max allowed feature level: 11_0
[2020.02.02-00.48.17:875][  0]LogD3D11RHI: D3D11 adapters:
[2020.02.02-00.48.17:960][  0]LogD3D11RHI:    0. 'NVIDIA GeForce GTX 1050' (Feature Level 11_0)
[2020.02.02-00.48.17:960][  0]LogD3D11RHI:       4021/0/8134 MB DedicatedVideo/DedicatedSystem/SharedSystem, Outputs:1, VendorId:0x10de
[2020.02.02-00.48.17:969][  0]LogD3D11RHI:    1. 'Intel(R) HD Graphics 630' (Feature Level 11_0)
[2020.02.02-00.48.17:969][  0]LogD3D11RHI:       128/0/8134 MB DedicatedVideo/DedicatedSystem/SharedSystem, Outputs:0, VendorId:0x8086
[2020.02.02-00.48.17:971][  0]LogD3D11RHI:    2. 'Microsoft Basic Render Driver' (Feature Level 11_0)
[2020.02.02-00.48.17:972][  0]LogD3D11RHI:       0/0/8134 MB DedicatedVideo/DedicatedSystem/SharedSystem, Outputs:0, VendorId:0x1414
[2020.02.02-00.48.17:972][  0]LogD3D11RHI: Chosen D3D11 Adapter: 0
[2020.02.02-00.48.18:007][  0]LogD3D11RHI: Creating new Direct3DDevice
[2020.02.02-00.48.18:007][  0]LogD3D11RHI:     GPU DeviceId: 0x1c8d (for the marketing name, search the web for "GPU Device Id")
[2020.02.02-00.48.18:007][  0]LogWindows: EnumDisplayDevices:
[2020.02.02-00.48.18:007][  0]LogWindows:    0. 'Intel(R) HD Graphics 630' (P:1 D:1)
[2020.02.02-00.48.18:007][  0]LogWindows:    1. 'Intel(R) HD Graphics 630' (P:0 D:0)
[2020.02.02-00.48.18:008][  0]LogWindows:    2. 'Intel(R) HD Graphics 630' (P:0 D:0)
[2020.02.02-00.48.18:008][  0]LogWindows: DebugString: PrimaryIsNotTheChoosenAdapter PrimaryIsNotTheChoosenAdapter PrimaryIsNotTheChoosenAdapter FoundDriverCount:0 
[2020.02.02-00.48.18:008][  0]LogD3D11RHI:     Adapter Name: NVIDIA GeForce GTX 1050
[2020.02.02-00.48.18:008][  0]LogD3D11RHI:   Driver Version: Unknown (internal:Unknown, unified:Unknown)
[2020.02.02-00.48.18:008][  0]LogD3D11RHI:      Driver Date: Unknown
[2020.02.02-00.48.18:008][  0]LogRHI: Texture pool is 2814 MB (70% of 4021 MB)
[2020.02.02-00.48.18:046][  0]LogD3D11RHI: RHI has support for 64 bit atomics
[2020.02.02-00.48.18:046][  0]LogD3D11RHI: Async texture creation enabled
[2020.02.02-00.48.18:063][  0]LogD3D11RHI: GPU Timing Frequency: 1000.000000 (Debug: 2 2)
[2020.02.02-00.48.18:378][  0]LogTargetPlatformManager: Display: Loaded TargetPlatform 'AllDesktop'
[2020.02.02-00.48.18:407][  0]LogTargetPlatformManager: Display: Loaded TargetPlatform 'Android'
[2020.02.02-00.48.18:407][  0]LogTargetPlatformManager: Display: Loaded TargetPlatform 'Android_ASTC'
[2020.02.02-00.48.18:407][  0]LogTargetPlatformManager: Display: Loaded TargetPlatform 'Android_ATC'
[2020.02.02-00.48.18:407][  0]LogTargetPlatformManager: Display: Loaded TargetPlatform 'Android_DXT'
[2020.02.02-00.48.18:407][  0]LogTargetPlatformManager: Display: Loaded TargetPlatform 'Android_ETC1'
[2020.02.02-00.48.18:407][  0]LogTargetPlatformManager: Display: Loaded TargetPlatform 'Android_ETC1a'
[2020.02.02-00.48.18:407][  0]LogTargetPlatformManager: Display: Loaded TargetPlatform 'Android_ETC2'
[2020.02.02-00.48.18:407][  0]LogTargetPlatformManager: Display: Loaded TargetPlatform 'Android_PVRTC'
[2020.02.02-00.48.18:407][  0]LogTargetPlatformManager: Display: Loaded TargetPlatform 'AndroidClient'
[2020.02.02-00.48.18:407][  0]LogTargetPlatformManager: Display: Loaded TargetPlatform 'Android_ASTCClient'
[2020.02.02-00.48.18:407][  0]LogTargetPlatformManager: Display: Loaded TargetPlatform 'Android_ATCClient'
[2020.02.02-00.48.18:407][  0]LogTargetPlatformManager: Display: Loaded TargetPlatform 'Android_DXTClient'
[2020.02.02-00.48.18:407][  0]LogTargetPlatformManager: Display: Loaded TargetPlatform 'Android_ETC1Client'
[2020.02.02-00.48.18:407][  0]LogTargetPlatformManager: Display: Loaded TargetPlatform 'Android_ETC1aClient'
[2020.02.02-00.48.18:407][  0]LogTargetPlatformManager: Display: Loaded TargetPlatform 'Android_ETC2Client'
[2020.02.02-00.48.18:407][  0]LogTargetPlatformManager: Display: Loaded TargetPlatform 'Android_PVRTCClient'
[2020.02.02-00.48.18:407][  0]LogTargetPlatformManager: Display: Loaded TargetPlatform 'Android_Multi'
[2020.02.02-00.48.18:407][  0]LogTargetPlatformManager: Display: Loaded TargetPlatform 'Android_MultiClient'
[2020.02.02-00.48.18:425][  0]LogTargetPlatformManager: Display: Loaded TargetPlatform 'IOSClient'
[2020.02.02-00.48.18:425][  0]LogTargetPlatformManager: Display: Loaded TargetPlatform 'IOS'
[2020.02.02-00.48.18:431][  0]LogTargetPlatformManager: Display: Loaded TargetPlatform 'LinuxNoEditor'
[2020.02.02-00.48.18:438][  0]LogTargetPlatformManager: Display: Loaded TargetPlatform 'LinuxClient'
[2020.02.02-00.48.18:444][  0]LogTargetPlatformManager: Display: Loaded TargetPlatform 'LinuxServer'
[2020.02.02-00.48.18:451][  0]LogTargetPlatformManager: Display: Loaded TargetPlatform 'LinuxAArch64NoEditor'
[2020.02.02-00.48.18:457][  0]LogTargetPlatformManager: Display: Loaded TargetPlatform 'LinuxAArch64Client'
[2020.02.02-00.48.18:463][  0]LogTargetPlatformManager: Display: Loaded TargetPlatform 'LinuxAArch64Server'
[2020.02.02-00.48.18:485][  0]LogTargetPlatformManager: Display: Loaded TargetPlatform 'Lumin'
[2020.02.02-00.48.18:486][  0]LogTargetPlatformManager: Display: Loaded TargetPlatform 'LuminClient'
[2020.02.02-00.48.18:498][  0]LogTargetPlatformManager: Display: Loaded TargetPlatform 'TVOSClient'
[2020.02.02-00.48.18:498][  0]LogTargetPlatformManager: Display: Loaded TargetPlatform 'TVOS'
[2020.02.02-00.48.18:505][  0]LogTargetPlatformManager: Display: Loaded TargetPlatform 'WindowsNoEditor'
[2020.02.02-00.48.18:513][  0]LogTargetPlatformManager: Display: Loaded TargetPlatform 'Windows'
[2020.02.02-00.48.18:520][  0]LogTargetPlatformManager: Display: Loaded TargetPlatform 'WindowsClient'
[2020.02.02-00.48.18:527][  0]LogTargetPlatformManager: Display: Loaded TargetPlatform 'WindowsServer'
[2020.02.02-00.48.18:527][  0]LogTargetPlatformManager: Display: Building Assets For Windows
[2020.02.02-00.48.18:530][  0]LogAudioDebug: Display: Lib vorbis DLL was dynamically loaded.
[2020.02.02-00.48.18:551][  0]LogShaderCompilers: Guid format shader working directory is -30 characters bigger than the processId version (../../../../../Uni/TECNOCAMPUS/Motores de Juego/Repository/Unreal/Practica1/Intermediate/Shaders/WorkingDirectory/19004/).
[2020.02.02-00.48.18:551][  0]LogShaderCompilers: Cleaned the shader compiler working directory 'C:/Users/pvale/AppData/Local/Temp/UnrealShaderWorkingDir/8888D6AF4BE3B5D2D109A9A329261FF4/'.
[2020.02.02-00.48.18:551][  0]LogXGEController: Cannot use XGE Controller as Incredibuild is not installed on this machine.
[2020.02.02-00.48.18:551][  0]LogShaderCompilers: Cannot use XGE Shader Compiler as Incredibuild is not installed on this machine.
[2020.02.02-00.48.18:551][  0]LogShaderCompilers: Display: Using Local Shader Compiler.
[2020.02.02-00.48.19:330][  0]LogDerivedDataCache: Display: Max Cache Size: 512 MB
[2020.02.02-00.48.19:406][  0]LogDerivedDataCache: Loaded boot cache 0.08s 78MB C:/Users/pvale/AppData/Local/UnrealEngine/4.24/DerivedDataCache/Boot.ddc.
[2020.02.02-00.48.19:406][  0]LogDerivedDataCache: Display: Loaded Boot cache: C:/Users/pvale/AppData/Local/UnrealEngine/4.24/DerivedDataCache/Boot.ddc
[2020.02.02-00.48.19:406][  0]LogDerivedDataCache: FDerivedDataBackendGraph:  Pak pak cache file ../../../../../Uni/TECNOCAMPUS/Motores de Juego/Repository/Unreal/Practica1/DerivedDataCache/DDC.ddp not found, will not use a pak cache.
[2020.02.02-00.48.19:406][  0]LogDerivedDataCache: Unable to find inner node Pak for hierarchical cache Hierarchy.
[2020.02.02-00.48.19:406][  0]LogDerivedDataCache: FDerivedDataBackendGraph:  CompressedPak pak cache file ../../../../../Uni/TECNOCAMPUS/Motores de Juego/Repository/Unreal/Practica1/DerivedDataCache/Compressed.ddp not found, will not use a pak cache.
[2020.02.02-00.48.19:406][  0]LogDerivedDataCache: Unable to find inner node CompressedPak for hierarchical cache Hierarchy.
[2020.02.02-00.48.19:417][  0]LogDerivedDataCache: Display: Pak cache opened for reading ../../../Engine/DerivedDataCache/Compressed.ddp.
[2020.02.02-00.48.19:417][  0]LogDerivedDataCache: FDerivedDataBackendGraph:  EnterprisePak pak cache file ../../../Enterprise/DerivedDataCache/Compressed.ddp not found, will not use a pak cache.
[2020.02.02-00.48.19:417][  0]LogDerivedDataCache: Unable to find inner node EnterprisePak for hierarchical cache Hierarchy.
[2020.02.02-00.48.19:419][  0]LogDerivedDataCache: Using Local data cache path C:/Users/pvale/AppData/Local/UnrealEngine/Common/DerivedDataCache: Writable
[2020.02.02-00.48.19:419][  0]LogDerivedDataCache: Shared data cache path not found in *engine.ini, will not use an Shared cache.
[2020.02.02-00.48.19:419][  0]LogDerivedDataCache: Unable to find inner node Shared for hierarchical cache Hierarchy.
[2020.02.02-00.48.19:446][  0]LogMaterial: Verifying Global Shaders for PCD3D_SM5
[2020.02.02-00.48.19:449][  0]LogSlate: Using FreeType 2.10.0
[2020.02.02-00.48.19:449][  0]LogSlate: SlateFontServices - WITH_FREETYPE: 1, WITH_HARFBUZZ: 1
[2020.02.02-00.48.19:510][  0]LogAssetRegistry: FAssetRegistry took 0.0023 seconds to start up
[2020.02.02-00.48.19:824][  0]LogInit: Selected Device Profile: [Windows]
[2020.02.02-00.48.19:997][  0]LogMeshReduction: Using QuadricMeshReduction for automatic static mesh reduction
[2020.02.02-00.48.19:997][  0]LogMeshReduction: Using SimplygonMeshReduction for automatic skeletal mesh reduction
[2020.02.02-00.48.19:997][  0]LogMeshReduction: Using ProxyLODMeshReduction for automatic mesh merging
[2020.02.02-00.48.19:997][  0]LogMeshReduction: No distributed automatic mesh merging module available
[2020.02.02-00.48.19:998][  0]LogMeshMerging: No distributed automatic mesh merging module available
[2020.02.02-00.48.20:012][  0]LogNetVersion: Practica1 1.0.0, NetCL: 10570792, EngineNetVer: 13, GameNetVer: 0 (Checksum: 1953194674)
[2020.02.02-00.48.21:272][  0]LogPackageLocalizationCache: Processed 10 localized package path(s) for 1 prioritized culture(s) in 0.063619 seconds
[2020.02.02-00.48.21:279][  0]LogUObjectArray: 46750 objects as part of root set at end of initial load.
[2020.02.02-00.48.21:279][  0]LogUObjectAllocator: 8137160 out of 0 bytes used by permanent object pool.
[2020.02.02-00.48.21:279][  0]LogUObjectArray: CloseDisregardForGC: 0/0 objects in disregard for GC pool
[2020.02.02-00.48.21:692][  0]LogTcpMessaging: Initializing TcpMessaging bridge
[2020.02.02-00.48.21:695][  0]LogUdpMessaging: Initializing bridge on interface 0.0.0.0:0 to multicast group 230.0.0.1:6666.
[2020.02.02-00.48.21:750][  0]SourceControl: Source control is disabled
[2020.02.02-00.48.21:750][  0]SourceControl: Source control is disabled
[2020.02.02-00.48.21:751][  0]SourceControl: Source control is disabled
[2020.02.02-00.48.21:752][  0]SourceControl: Source control is disabled
[2020.02.02-00.48.21:752][  0]SourceControl: Source control is disabled
[2020.02.02-00.48.21:827][  0]LogAndroidPermission: UAndroidPermissionCallbackProxy::GetInstance
[2020.02.02-00.48.21:837][  0]LogAudioCaptureCore: Display: No Audio Capture implementations found. Audio input will be silent.
[2020.02.02-00.48.21:837][  0]LogAudioCaptureCore: Display: No Audio Capture implementations found. Audio input will be silent.
[2020.02.02-00.48.21:919][  0]LogOcInput: OculusInput pre-init called
[2020.02.02-00.48.21:925][  0]LogWindows: Failed to load 'OVRPlugin.dll' (GetLastError=126)
[2020.02.02-00.48.21:925][  0]LogWindows: File 'OVRPlugin.dll' does not exist
[2020.02.02-00.48.21:993][  0]LogEngine: Initializing Engine...
[2020.02.02-00.48.21:994][  0]LogHMD: Failed to initialize OpenVR with code 110
[2020.02.02-00.48.21:995][  0]LogStats: UGameplayTagsManager::InitializeManager -  0.000 s
[2020.02.02-00.48.22:339][  0]LogInit: Initializing FReadOnlyCVARCache
[2020.02.02-00.48.22:346][  0]LogAIModule: Creating AISystem for world Untitled
[2020.02.02-00.48.22:416][  0]LogAudioMixer: Display: Audio Mixer Platform Settings:
[2020.02.02-00.48.22:416][  0]LogAudioMixer: Display: 	Sample Rate:						  48000
[2020.02.02-00.48.22:416][  0]LogAudioMixer: Display: 	Callback Buffer Frame Size Requested: 1024
[2020.02.02-00.48.22:416][  0]LogAudioMixer: Display: 	Callback Buffer Frame Size To Use:	  1024
[2020.02.02-00.48.22:416][  0]LogAudioMixer: Display: 	Number of buffers to queue:			  2
[2020.02.02-00.48.22:416][  0]LogAudioMixer: Display: 	Max Channels (voices):				  32
[2020.02.02-00.48.22:416][  0]LogAudioMixer: Display: 	Number of Async Source Workers:		  0
[2020.02.02-00.48.22:416][  0]LogAudio: Display: AudioDevice MaxSources: 32
[2020.02.02-00.48.22:417][  0]LogAudio: Display: Using built-in audio occlusion.
[2020.02.02-00.48.22:417][  0]LogAudioMixer: Display: Initializing audio mixer.
[2020.02.02-00.48.22:434][  0]LogAudioMixer: Display: Audio Device Output Speaker Info:
[2020.02.02-00.48.22:434][  0]LogAudioMixer: Display: Name: Altavoces (Realtek High Definition Audio)
[2020.02.02-00.48.22:434][  0]LogAudioMixer: Display: Is Default: Yes
[2020.02.02-00.48.22:434][  0]LogAudioMixer: Display: Sample Rate: 48000
[2020.02.02-00.48.22:434][  0]LogAudioMixer: Display: Channel Count Used: 2
[2020.02.02-00.48.22:434][  0]LogAudioMixer: Display: Device Channel Count: 2
[2020.02.02-00.48.22:434][  0]LogAudioMixer: Display: Channel Order:
[2020.02.02-00.48.22:434][  0]LogAudioMixer: Display: 0: FrontLeft
[2020.02.02-00.48.22:434][  0]LogAudioMixer: Display: 1: FrontRight
[2020.02.02-00.48.22:962][  0]LogAudioMixer: Display: Using Audio Device Altavoces (Realtek High Definition Audio)
[2020.02.02-00.48.22:971][  0]LogInit: FAudioDevice initialized.
[2020.02.02-00.48.22:971][  0]LogNetVersion: Set ProjectVersion to 1.0.0.0. Version Checksum will be recalculated on next use.
[2020.02.02-00.48.23:056][  0]LogDerivedDataCache: Saved boot cache 0.08s 78MB C:/Users/pvale/AppData/Local/UnrealEngine/4.24/DerivedDataCache/Boot.ddc.
[2020.02.02-00.48.23:060][  0]LogInit: Texture streaming: Enabled
[2020.02.02-00.48.23:070][  0]LogEngineSessionManager: EngineSessionManager initialized
[2020.02.02-00.48.23:070][  0]LogEditorSessionSummary: Verbose: Initializing EditorSessionSummaryWriter for editor session tracking
[2020.02.02-00.48.23:071][  0]LogEditorSessionSummary: EditorSessionSummaryWriter initialized
[2020.02.02-00.48.23:160][  0]LogInit: Transaction tracking system initialized
[2020.02.02-00.48.23:170][  0]BlueprintLog: New page: Editor Load
[2020.02.02-00.48.23:201][  0]LocalizationService: Localization service is disabled
[2020.02.02-00.48.23:487][  0]LogCook: Display: Max memory allowance for cook 16384mb min free memory 0mb
[2020.02.02-00.48.23:487][  0]LogCook: Display: Mobile HDR setting 1
[2020.02.02-00.48.23:575][  0]LogFileCache: Scanning file cache for directory 'D:/Uni/TECNOCAMPUS/Motores de Juego/Repository/Unreal/Practica1/Content/' took 0.02s
[2020.02.02-00.48.24:308][  0]SourceControl: Source control is disabled
[2020.02.02-00.48.24:308][  0]Cmd: MAP LOAD FILE="../../../../../Uni/TECNOCAMPUS/Motores de Juego/Repository/Unreal/Practica1/Content/ThirdPersonBP/Maps/ThirdPersonExampleMap.umap" TEMPLATE=0 SHOWPROGRESS=1 FEATURELEVEL=3
[2020.02.02-00.48.24:308][  0]LightingResults: New page: Lighting Build
[2020.02.02-00.48.24:309][  0]LogWorld: UWorld::CleanupWorld for Untitled, bSessionEnded=true, bCleanupResources=true
[2020.02.02-00.48.24:309][  0]LogSlate: InvalidateAllWidgets triggered.  All widgets were invalidated
[2020.02.02-00.48.24:309][  0]MapCheck: New page: Map Check
[2020.02.02-00.48.24:309][  0]LightingResults: New page: Lighting Build
[2020.02.02-00.48.24:335][  0]LogUObjectHash: Compacting FUObjectHashTables data took   1.79ms
[2020.02.02-00.48.25:084][  0]LogAIModule: Creating AISystem for world ThirdPersonExampleMap
[2020.02.02-00.48.25:159][  0]LogEditorServer: Finished looking for orphan Actors (0.000 secs)
[2020.02.02-00.48.25:188][  0]LogUObjectHash: Compacting FUObjectHashTables data took   2.26ms
[2020.02.02-00.48.25:188][  0]Cmd: MAP CHECKDEP NOCLEARLOG
[2020.02.02-00.48.25:188][  0]MapCheck: Map check complete: 0 Error(s), 0 Warning(s), took 0,112ms to complete.
[2020.02.02-00.48.25:189][  0]LogFileHelpers: Loading map 'ThirdPersonExampleMap' took 0.880
[2020.02.02-00.48.25:736][  0]LogSlate: Updating window title bar state: overlay mode, drag disabled, window buttons hidden, title bar hidden
[2020.02.02-00.48.25:749][  0]LogSlate: Updating window title bar state: overlay mode, drag disabled, window buttons hidden, title bar hidden
[2020.02.02-00.48.25:756][  0]LogSlate: Updating window title bar state: overlay mode, drag disabled, window buttons hidden, title bar hidden
[2020.02.02-00.48.25:763][  0]LogSlate: Updating window title bar state: overlay mode, drag disabled, window buttons hidden, title bar hidden
[2020.02.02-00.48.25:820][  0]LogCollectionManager: Loaded 0 collections in 0.001221 seconds
[2020.02.02-00.48.25:963][  0]LogFileCache: Scanning file cache for directory 'D:/Uni/TECNOCAMPUS/Motores de Juego/Repository/Unreal/Practica1/Saved/Collections/' took 0.00s
[2020.02.02-00.48.25:963][  0]LogFileCache: Scanning file cache for directory 'D:/Uni/TECNOCAMPUS/Motores de Juego/Repository/Unreal/Practica1/Content/Developers/pvale/Collections/' took 0.00s
[2020.02.02-00.48.25:963][  0]LogFileCache: Scanning file cache for directory 'D:/Uni/TECNOCAMPUS/Motores de Juego/Repository/Unreal/Practica1/Content/Collections/' took 0.00s
[2020.02.02-00.48.25:963][  0]LogContentBrowser: Native class hierarchy populated in 0.0081 seconds. Added 3017 classes and 720 folders.
[2020.02.02-00.48.26:011][  0]LogContentBrowser: Native class hierarchy updated for 'WidgetCarousel' in 0.0004 seconds. Added 0 classes and 0 folders.
[2020.02.02-00.48.26:883][  0]LogContentBrowser: Native class hierarchy updated for 'AddContentDialog' in 0.0003 seconds. Added 0 classes and 0 folders.
[2020.02.02-00.48.27:730][  0]LogSlate: Took 0.000244 seconds to synchronously load lazily loaded font '../../../Engine/Content/Slate/Fonts/Roboto-Regular.ttf' (155K)
[2020.02.02-00.48.27:732][  0]LogSlate: Took 0.000173 seconds to synchronously load lazily loaded font '../../../Engine/Content/Slate/Fonts/Roboto-Bold.ttf' (160K)
[2020.02.02-00.48.27:773][  0]LogSlate: Took 0.022515 seconds to synchronously load lazily loaded font '../../../Engine/Content/Editor/Slate/Fonts/FontAwesome.ttf' (139K)
[2020.02.02-00.48.28:065][  0]LogRenderer: Reallocating scene render targets to support 844x564 Format 10 NumSamples 1 (Frame:1).
[2020.02.02-00.48.28:318][  0]LogContentBrowser: Native class hierarchy updated for 'HierarchicalLODOutliner' in 0.0003 seconds. Added 0 classes and 0 folders.
[2020.02.02-00.48.28:318][  0]LogLoad: (Engine Initialization) Total time: 12.73 seconds
[2020.02.02-00.48.28:318][  0]LogLoad: (Engine Initialization) Total Blueprint compile time: 0.00 seconds
[2020.02.02-00.48.28:428][  0]LogContentStreaming: Texture pool size now 1000 MB
[2020.02.02-00.48.29:104][  9]LogAssetRegistry: Asset discovery search completed in 9.5957 seconds
[2020.02.02-00.48.29:110][  9]LogCollectionManager: Fixed up redirectors for 0 collections in 0.000012 seconds (updated 0 objects)
[2020.02.02-00.48.32:616][215]LogSlate: Took 0.018985 seconds to synchronously load lazily loaded font '../../../Engine/Content/Slate/Fonts/Roboto-Light.ttf' (167K)
[2020.02.02-00.48.55:181][514]LogUObjectHash: Compacting FUObjectHashTables data took   1.18ms
[2020.02.02-00.49.00:323][514]LogSlate: Window 'Delete Assets' being destroyed
[2020.02.02-00.49.00:453][514]LogSlate: Took 0.000289 seconds to synchronously load lazily loaded font '../../../Engine/Content/Slate/Fonts/Roboto-Light.ttf' (167K)
[2020.02.02-00.49.00:472][514]LogAssetEditorSubsystem: Opening Asset editor for Material /Game/DarkForest/Materials/M_Ground.M_Ground
[2020.02.02-00.49.00:538][514]LogMaterial: Display: Missing cached shader map for material M_Ground, compiling. 
[2020.02.02-00.49.01:528][514]LogMaterial: Display: Missing cached shader map for material M_Ground, compiling. 
[2020.02.02-00.49.01:542][514]LogShaderCompilers: Display: Worker (1/5): shaders left to compile 11
[2020.02.02-00.49.01:543][514]LogShaderCompilers: Display: Worker (2/5): shaders left to compile 10
[2020.02.02-00.49.01:543][514]LogShaderCompilers: Display: Worker (3/5): shaders left to compile 9
[2020.02.02-00.49.01:543][514]LogShaderCompilers: Display: Worker (4/5): shaders left to compile 8
[2020.02.02-00.49.01:548][514]LogMaterial: Display: Missing cached shader map for material M_Ground, compiling. 
[2020.02.02-00.49.01:570][514]LogMaterial: Display: Missing cached shader map for material FMatExpressionPreview MaterialExpressionTextureSample_2, compiling. 
[2020.02.02-00.49.01:588][514]LogMaterial: Display: Missing cached shader map for material FMatExpressionPreview MaterialExpressionTextureSample_0, compiling. 
[2020.02.02-00.49.01:602][514]LogMaterial: Display: Missing cached shader map for material FMatExpressionPreview MaterialExpressionTextureSample_3, compiling. 
[2020.02.02-00.49.01:614][514]LogMaterial: Display: Missing cached shader map for material FMatExpressionPreview MaterialExpressionTextureSample_4, compiling. 
[2020.02.02-00.49.01:625][514]LogMaterial: Display: Missing cached shader map for material FMatExpressionPreview MaterialExpressionVectorParameter_0, compiling. 
[2020.02.02-00.49.01:636][514]LogMaterial: Display: Missing cached shader map for material FMatExpressionPreview MaterialExpressionTextureSample_5, compiling. 
[2020.02.02-00.49.01:647][514]LogMaterial: Display: Missing cached shader map for material FMatExpressionPreview MaterialExpressionTextureSample_6, compiling. 
[2020.02.02-00.49.01:663][514]LogMaterial: Display: Missing cached shader map for material FMatExpressionPreview MaterialExpressionTextureSample_7, compiling. 
[2020.02.02-00.49.01:674][514]LogMaterial: Display: Missing cached shader map for material FMatExpressionPreview MaterialExpressionBumpOffset_1, compiling. 
[2020.02.02-00.49.01:762][514]LogSlate: Took 0.000216 seconds to synchronously load lazily loaded font '../../../Engine/Content/Slate/Fonts/Roboto-BoldCondensed.ttf' (158K)
[2020.02.02-00.49.02:594][515]LogSlate: Took 0.022998 seconds to synchronously load lazily loaded font '../../../Engine/Content/Slate/Fonts/Roboto-Italic.ttf' (157K)
[2020.02.02-00.49.05:208][662]LogShaderCompilers: Display: Worker (3/5): shaders left to compile 47
[2020.02.02-00.49.05:257][665]LogShaderCompilers: Display: Worker (4/5): shaders left to compile 46
[2020.02.02-00.49.05:307][668]LogShaderCompilers: Display: Worker (1/5): shaders left to compile 45
[2020.02.02-00.49.05:414][672]LogShaderCompilers: Display: Worker (2/5): shaders left to compile 44
[2020.02.02-00.49.06:541][730]LogWorld: UWorld::CleanupWorld for World_0, bSessionEnded=true, bCleanupResources=true
[2020.02.02-00.49.06:541][730]LogSlate: InvalidateAllWidgets triggered.  All widgets were invalidated
[2020.02.02-00.49.06:667][730]LogShaderCompilers: Display: Worker (1/5): shaders left to compile 7
[2020.02.02-00.49.06:667][730]LogShaderCompilers: Display: Worker (3/5): shaders left to compile 6
[2020.02.02-00.49.06:667][730]LogShaderCompilers: Display: Worker (4/5): shaders left to compile 5
[2020.02.02-00.49.06:667][730]LogShaderCompilers: Display: Worker (2/5): shaders left to compile 4
[2020.02.02-00.49.07:306][759]LogShaderCompilers: Display: Worker (1/5): shaders left to compile 3
[2020.02.02-00.49.07:343][761]LogShaderCompilers: Display: Worker (2/5): shaders left to compile 2
[2020.02.02-00.49.07:958][793]LogShaderCompilers: Display: Worker (3/5): shaders left to compile 1
[2020.02.02-00.49.21:065][555]LogUObjectHash: Compacting FUObjectHashTables data took   1.67ms
[2020.02.02-00.49.23:590][555]LogSlate: Window 'Delete Assets' being destroyed
[2020.02.02-00.49.23:883][555]LogUObjectHash: Compacting FUObjectHashTables data took   1.59ms
[2020.02.02-00.49.23:922][555]LogUObjectHash: Compacting FUObjectHashTables data took   2.73ms
[2020.02.02-00.49.23:947][555]LogUObjectHash: Compacting FUObjectHashTables data took   0.71ms
[2020.02.02-00.49.36:739][309]LogUObjectHash: Compacting FUObjectHashTables data took   1.23ms
[2020.02.02-00.49.40:221][309]LogSlate: Window 'Delete Assets' being destroyed
[2020.02.02-00.50.09:787][928]LogUObjectHash: Compacting FUObjectHashTables data took   1.15ms
[2020.02.02-00.50.24:279][928]LogSlate: Window 'Delete Assets' being destroyed
[2020.02.02-00.50.31:400][325]LogUObjectHash: Compacting FUObjectHashTables data took   1.24ms
[2020.02.02-00.50.34:853][325]LogSlate: Window 'Delete Assets' being destroyed
[2020.02.02-00.50.34:984][325]LogUObjectHash: Compacting FUObjectHashTables data took   1.73ms
[2020.02.02-00.50.35:034][325]LogUObjectHash: Compacting FUObjectHashTables data took   1.77ms
[2020.02.02-00.50.35:061][325]LogUObjectHash: Compacting FUObjectHashTables data took   0.74ms
[2020.02.02-00.50.37:689][466]LogUObjectHash: Compacting FUObjectHashTables data took   0.83ms
[2020.02.02-00.50.39:457][466]LogSlate: Window 'Delete Assets' being destroyed
[2020.02.02-00.50.39:582][466]LogUObjectHash: Compacting FUObjectHashTables data took   3.74ms
[2020.02.02-00.50.39:616][466]LogUObjectHash: Compacting FUObjectHashTables data took   1.70ms
[2020.02.02-00.50.39:641][466]LogUObjectHash: Compacting FUObjectHashTables data took   0.69ms
[2020.02.02-00.50.41:584][563]LogUObjectHash: Compacting FUObjectHashTables data took   0.60ms
[2020.02.02-00.50.43:371][563]LogSlate: Window 'Delete Assets' being destroyed
[2020.02.02-00.50.43:501][563]LogUObjectHash: Compacting FUObjectHashTables data took   1.83ms
[2020.02.02-00.50.43:545][563]LogUObjectHash: Compacting FUObjectHashTables data took   1.73ms
[2020.02.02-00.50.43:569][563]LogUObjectHash: Compacting FUObjectHashTables data took   0.85ms
[2020.02.02-00.50.45:538][668]LogUObjectHash: Compacting FUObjectHashTables data took   0.67ms
[2020.02.02-00.50.48:658][668]LogSlate: Window 'Delete Assets' being destroyed
[2020.02.02-00.50.48:801][668]LogUObjectHash: Compacting FUObjectHashTables data took   4.86ms
[2020.02.02-00.50.48:835][668]LogUObjectHash: Compacting FUObjectHashTables data took   1.65ms
[2020.02.02-00.50.48:859][668]LogUObjectHash: Compacting FUObjectHashTables data took   0.74ms
[2020.02.02-00.51.06:128][628]LogUObjectHash: Compacting FUObjectHashTables data took   0.70ms
[2020.02.02-00.51.09:939][628]LogSlate: Window 'Delete Assets' being destroyed
[2020.02.02-00.51.10:133][628]LogUObjectHash: Compacting FUObjectHashTables data took   2.49ms
[2020.02.02-00.51.10:160][628]LogUObjectHash: Compacting FUObjectHashTables data took   0.66ms
[2020.02.02-00.51.10:185][628]LogUObjectHash: Compacting FUObjectHashTables data took   0.61ms
[2020.02.02-00.51.10:210][628]LogUObjectHash: Compacting FUObjectHashTables data took   0.61ms
[2020.02.02-00.51.10:238][628]LogUObjectHash: Compacting FUObjectHashTables data took   0.64ms
[2020.02.02-00.51.10:262][628]LogUObjectHash: Compacting FUObjectHashTables data took   0.70ms
[2020.02.02-00.51.10:293][628]LogUObjectHash: Compacting FUObjectHashTables data took   1.61ms
[2020.02.02-00.51.10:318][628]LogUObjectHash: Compacting FUObjectHashTables data took   0.68ms
[2020.02.02-00.51.16:454][961]LogUObjectHash: Compacting FUObjectHashTables data took   0.73ms
[2020.02.02-00.51.20:875][961]LogSlate: Window 'Delete Assets' being destroyed
[2020.02.02-00.51.21:050][961]LogUObjectHash: Compacting FUObjectHashTables data took   2.87ms
[2020.02.02-00.51.21:079][961]LogUObjectHash: Compacting FUObjectHashTables data took   0.70ms
[2020.02.02-00.51.21:104][961]LogUObjectHash: Compacting FUObjectHashTables data took   0.72ms
[2020.02.02-00.51.21:127][961]LogUObjectHash: Compacting FUObjectHashTables data took   0.68ms
[2020.02.02-00.51.21:159][961]LogUObjectHash: Compacting FUObjectHashTables data took   1.63ms
[2020.02.02-00.51.21:183][961]LogUObjectHash: Compacting FUObjectHashTables data took   0.67ms
[2020.02.02-00.51.52:649][637]LogTexture: Display: Building textures: t_en_dirtdecal_01_02 (AutoDXT, 2048X2048)
[2020.02.02-00.51.52:649][637]LogMaterial: Display: Missing cached shader map for material m_en_DirtDecal_01_02, compiling. 
[2020.02.02-00.51.52:830][637]LogShaderCompilers: Display: Worker (1/5): shaders left to compile 34
[2020.02.02-00.51.52:830][637]LogShaderCompilers: Display: Worker (2/5): shaders left to compile 25
[2020.02.02-00.51.52:830][637]LogShaderCompilers: Display: Worker (3/5): shaders left to compile 16
[2020.02.02-00.51.52:830][637]LogShaderCompilers: Display: Worker (4/5): shaders left to compile 7
[2020.02.02-00.51.52:830][637]LogUObjectHash: Compacting FUObjectHashTables data took   1.03ms
[2020.02.02-00.52.02:255][637]LogSlate: Window 'Delete Assets' being destroyed
[2020.02.02-00.52.16:841][505]LogSlate: Prevented a slow task dialog from being summoned while a context menu was open
[2020.02.02-00.52.16:938][505]LogAnimationCompression: Building Anim DDC data for AnimSequence /Game/AbandonedFactory/EpicContent/Mannequin/Animations/ThirdPersonJump_End.ThirdPersonJump_End
[2020.02.02-00.52.16:946][505]LogAnimationCompression: Recompressing (AnimSequence /Game/AbandonedFactory/EpicContent/Mannequin/Animations/ThirdPersonJump_End.ThirdPersonJump_End) using current/default (AnimCompress_BitwiseCompressOnly_1) bFirstRecompressUsingCurrentOrDefault(1) bTryAlternateCompressor(0) IsCompressedDataValid(0)
[2020.02.02-00.52.17:296][505]LogStaticMesh: Building static mesh Shape_Plane...
[2020.02.02-00.52.17:487][505]LogStaticMesh: Built static mesh [0.19s] /Game/AbandonedFactory/EpicContent/StarterContent/Shapes/Shape_Plane.Shape_Plane
[2020.02.02-00.52.17:608][505]LogUObjectHash: Compacting FUObjectHashTables data took   2.25ms
[2020.02.02-00.52.34:288][505]LogSlate: Window 'Delete Assets' being destroyed
[2020.02.02-00.52.42:898][ 13]LogUObjectHash: Compacting FUObjectHashTables data took   0.59ms
[2020.02.02-00.52.55:742][ 13]LogSlate: Window 'Delete Assets' being destroyed
[2020.02.02-00.53.15:092][158]LogSlate: Prevented a slow task dialog from being summoned while a context menu was open
[2020.02.02-00.53.17:097][158]LogAIModule: Creating AISystem for world Main_Warehouse_01
[2020.02.02-00.53.25:335][158]LogAIModule: Creating AISystem for world Warehouse_01_environment
[2020.02.02-00.53.25:578][158]LogAIModule: Creating AISystem for world Warehouse_01_lightDay
[2020.02.02-00.53.26:074][158]LogTexture: Display: Building textures: Texture2D_19 (BGRA8, 256X256)
[2020.02.02-00.53.26:074][158]LogTexture: Display: Building textures: Texture2D_18 (BGRA8, 256X256)
[2020.02.02-00.53.26:074][158]LogTexture: Display: Building textures: Texture2D_16 (BGRA8, 256X256)
[2020.02.02-00.53.26:074][158]LogTexture: Display: Building textures: Texture2D_20 (BGRA8, 256X256)
[2020.02.02-00.53.26:074][158]LogTexture: Display: Building textures: Texture2D_22 (BGRA8, 256X256)
[2020.02.02-00.53.26:074][158]LogTexture: Display: Building textures: Texture2D_23 (BGRA8, 256X256)
[2020.02.02-00.53.26:074][158]LogTexture: Display: Building textures: Texture2D_17 (BGRA8, 256X256)
[2020.02.02-00.53.55:121][158]LogTexture: Display: Building textures: LQ_Lightmap_0_1 (DXT1, 4096X4096)
[2020.02.02-00.53.55:121][158]LogTexture: Display: Building textures: LQ_Lightmap_0_2 (DXT1, 4096X4096)
[2020.02.02-00.53.55:121][158]LogTexture: Display: Building textures: LQ_Lightmap_0_3 (DXT1, 4096X4096)
[2020.02.02-00.53.55:121][158]LogTexture: Display: Building textures: HQ_Lightmap0_3 (AutoDXT, 4096X4096)
[2020.02.02-00.53.55:121][158]LogTexture: Display: Building textures: HQ_Lightmap0_1 (AutoDXT, 4096X4096)
[2020.02.02-00.53.55:121][158]LogTexture: Display: Building textures: HQ_Lightmap0_2 (AutoDXT, 4096X4096)
[2020.02.02-00.53.55:121][158]LogTexture: Display: Building textures: SkyOcclusion0_1 (AutoDXT, 4096X2048)
[2020.02.02-00.53.55:121][158]LogTexture: Display: Building textures: SkyOcclusion0_2 (AutoDXT, 4096X2048)
[2020.02.02-00.53.55:121][158]LogTexture: Display: Building textures: SkyOcclusion0_3 (AutoDXT, 4096X2048)
[2020.02.02-00.53.55:121][158]LogTexture: Display: Building textures: ShadowMapTexture2D_5 (G8, 2048X2048)
[2020.02.02-00.53.55:121][158]LogTexture: Display: Building textures: ShadowMapTexture2D_6 (BGRA8, 2048X2048)
[2020.02.02-00.53.55:121][158]LogTexture: Display: Building textures: ShadowMapTexture2D_7 (G8, 2048X2048)
[2020.02.02-00.53.55:121][158]LogTexture: Display: Building textures: ShadowMapTexture2D_8 (BGRA8, 2048X2048)
[2020.02.02-00.53.55:121][158]LogTexture: Display: Building textures: ShadowMapTexture2D_9 (BGRA8, 2048X2048)
[2020.02.02-00.53.55:121][158]LogAIModule: Creating AISystem for world Main_Warehouse_01
[2020.02.02-00.54.31:599][158]LogTexture: Display: Building textures: HQ_Lightmap0_11 (AutoDXT, 512X512)
[2020.02.02-00.54.31:599][158]LogTexture: Display: Building textures: HQ_Lightmap0_10 (AutoDXT, 1024X1024)
[2020.02.02-00.54.31:599][158]LogTexture: Display: Building textures: HQ_Lightmap0_6 (AutoDXT, 512X512)
[2020.02.02-00.54.31:599][158]LogTexture: Display: Building textures: LQ_Lightmap_0_10 (DXT1, 1024X1024)
[2020.02.02-00.54.31:599][158]LogTexture: Display: Building textures: HQ_Lightmap0_8 (AutoDXT, 2048X2048)
[2020.02.02-00.54.31:599][158]LogTexture: Display: Building textures: HQ_Lightmap0_7 (AutoDXT, 2048X2048)
[2020.02.02-00.54.31:599][158]LogTexture: Display: Building textures: LQ_Lightmap_0_11 (DXT1, 512X512)
[2020.02.02-00.54.31:599][158]LogTexture: Display: Building textures: HQ_Lightmap0_9 (AutoDXT, 2048X2048)
[2020.02.02-00.54.31:599][158]LogTexture: Display: Building textures: HQ_Lightmap0_5 (AutoDXT, 4096X4096)
[2020.02.02-00.54.31:599][158]LogTexture: Display: Building textures: HQ_Lightmap0_4 (AutoDXT, 4096X4096)
[2020.02.02-00.54.31:599][158]LogTexture: Display: Building textures: LQ_Lightmap_0_4 (DXT1, 4096X4096)
[2020.02.02-00.54.31:599][158]LogTexture: Display: Building textures: LQ_Lightmap_0_6 (DXT1, 512X512)
[2020.02.02-00.54.31:599][158]LogTexture: Display: Building textures: LQ_Lightmap_0_5 (DXT1, 4096X4096)
[2020.02.02-00.54.31:599][158]LogTexture: Display: Building textures: LQ_Lightmap_0_7 (DXT1, 2048X2048)
[2020.02.02-00.54.31:599][158]LogTexture: Display: Building textures: LQ_Lightmap_0_8 (DXT1, 2048X2048)
[2020.02.02-00.54.31:599][158]LogTexture: Display: Building textures: LQ_Lightmap_0_9 (DXT1, 2048X2048)
[2020.02.02-00.54.31:599][158]LogTexture: Display: Building textures: SkyOcclusion0_10 (AutoDXT, 1024X512)
[2020.02.02-00.54.31:599][158]LogTexture: Display: Building textures: SkyOcclusion0_11 (AutoDXT, 512X256)
[2020.02.02-00.54.31:599][158]LogTexture: Display: Building textures: SkyOcclusion0_4 (AutoDXT, 4096X2048)
[2020.02.02-00.54.31:599][158]LogTexture: Display: Building textures: SkyOcclusion0_5 (AutoDXT, 4096X2048)
[2020.02.02-00.54.31:599][158]LogTexture: Display: Building textures: SkyOcclusion0_6 (AutoDXT, 512X256)
[2020.02.02-00.54.31:599][158]LogTexture: Display: Building textures: SkyOcclusion0_7 (AutoDXT, 2048X1024)
[2020.02.02-00.54.31:599][158]LogTexture: Display: Building textures: SkyOcclusion0_8 (AutoDXT, 2048X1024)
[2020.02.02-00.54.31:599][158]LogTexture: Display: Building textures: SkyOcclusion0_9 (AutoDXT, 2048X1024)
[2020.02.02-00.54.31:599][158]LogTexture: Display: Building textures: ShadowMapTexture2D_10 (G8, 128X64)
[2020.02.02-00.54.31:599][158]LogTexture: Display: Building textures: ShadowMapTexture2D_11 (G8, 1024X64)
[2020.02.02-00.54.31:599][158]LogTexture: Display: Building textures: ShadowMapTexture2D_6 (BGRA8, 2048X2048)
[2020.02.02-00.54.31:599][158]LogTexture: Display: Building textures: ShadowMapTexture2D_7 (BGRA8, 2048X2048)
[2020.02.02-00.54.31:599][158]LogTexture: Display: Building textures: ShadowMapTexture2D_8 (G8, 2048X512)
[2020.02.02-00.54.31:599][158]LogTexture: Display: Building textures: ShadowMapTexture2D_9 (BGRA8, 2048X2048)
[2020.02.02-00.54.31:599][158]LogStaticMesh: Building static mesh sm_Wall_B_04_02...
[2020.02.02-00.54.32:573][158]LogStaticMesh: Built static mesh [0.97s] /Game/AbandonedFactory/Environment/WallB/Meshes/sm_Wall_B_04_02.sm_Wall_B_04_02
[2020.02.02-00.54.32:791][158]LogStaticMesh: Building static mesh sm_Wall_B_01_02...
[2020.02.02-00.54.33:927][158]LogStaticMesh: Built static mesh [1.14s] /Game/AbandonedFactory/Environment/WallB/Meshes/sm_Wall_B_01_02.sm_Wall_B_01_02
[2020.02.02-00.54.33:969][158]LogStaticMesh: Building static mesh sm_WallA_04_02...
[2020.02.02-00.54.33:997][158]LogStaticMesh: Built static mesh [0.03s] /Game/AbandonedFactory/Environment/WallA/Meshes/sm_WallA_04_02.sm_WallA_04_02
[2020.02.02-00.54.34:052][158]LogAIModule: Creating AISystem for world Warehouse_01_environment
[2020.02.02-00.54.34:208][158]LogTexture: Display: Building textures: HQ_Lightmap0_12 (AutoDXT, 64X64)
[2020.02.02-00.54.34:208][158]LogTexture: Display: Building textures: SkyOcclusion0_12 (AutoDXT, 64X32)
[2020.02.02-00.54.34:208][158]LogTexture: Display: Building textures: LQ_Lightmap_0_12 (DXT1, 64X64)
[2020.02.02-00.54.34:208][158]LogTexture: Display: Building textures: ShadowMapTexture2D_1 (G8, 32X32)
[2020.02.02-00.54.34:209][158]LogAIModule: Creating AISystem for world Warehouse_01_lightDay
[2020.02.02-00.54.34:601][158]LogTexture: Display: Building textures: Texture2D_3 (BGRA8, 256X256)
[2020.02.02-00.54.34:601][158]LogTexture: Display: Building textures: Texture2D_5 (BGRA8, 256X256)
[2020.02.02-00.54.34:601][158]LogTexture: Display: Building textures: Texture2D_0 (BGRA8, 256X256)
[2020.02.02-00.54.34:601][158]LogTexture: Display: Building textures: Texture2D_4 (BGRA8, 256X256)
[2020.02.02-00.54.34:601][158]LogTexture: Display: Building textures: Texture2D_1 (BGRA8, 256X256)
[2020.02.02-00.54.34:601][158]LogTexture: Display: Building textures: Texture2D_2 (BGRA8, 256X256)
[2020.02.02-00.54.34:601][158]LogTexture: Display: Building textures: Texture2D_7 (BGRA8, 256X256)
[2020.02.02-00.54.34:601][158]LogTexture: Display: Building textures: Texture2D_6 (BGRA8, 256X256)
[2020.02.02-00.54.34:779][158]LogTexture: Display: Building textures: ShadowMapTexture2D_2 (BGRA8, 1024X1024)
[2020.02.02-00.54.34:779][158]LogTexture: Display: Building textures: ShadowMapTexture2D_1 (BGRA8, 1024X1024)
[2020.02.02-00.54.34:958][158]LogTexture: Display: Building textures: ShadowMapTexture2D_3 (BGRA8, 1024X1024)
[2020.02.02-00.54.35:169][158]LogTexture: Display: Building textures: ShadowMapTexture2D_0 (BGRA8, 2048X2048)
[2020.02.02-00.54.36:132][158]LogTexture: Display: Building textures: SkyOcclusion0_1 (AutoDXT, 4096X2048)
[2020.02.02-00.54.36:562][158]LogTexture: Display: Building textures: LQ_Lightmap_0_1 (DXT1, 4096X4096)
[2020.02.02-00.54.36:639][158]LogTexture: Display: Building textures: HQ_Lightmap0_1 (AutoDXT, 4096X4096)
[2020.02.02-00.54.49:511][158]LogAIModule: Creating AISystem for world Main_Warehouse_02
[2020.02.02-00.54.50:815][158]LogTexture: Display: Building textures: HQ_Lightmap0_15 (AutoDXT, 1024X1024)
[2020.02.02-00.54.50:815][158]LogTexture: Display: Building textures: HQ_Lightmap0_12 (AutoDXT, 1024X1024)
[2020.02.02-00.54.50:815][158]LogTexture: Display: Building textures: HQ_Lightmap0_14 (AutoDXT, 1024X1024)
[2020.02.02-00.54.50:815][158]LogTexture: Display: Building textures: HQ_Lightmap0_11 (AutoDXT, 1024X1024)
[2020.02.02-00.54.50:815][158]LogTexture: Display: Building textures: HQ_Lightmap0_10 (AutoDXT, 1024X1024)
[2020.02.02-00.54.50:815][158]LogTexture: Display: Building textures: HQ_Lightmap0_13 (AutoDXT, 1024X1024)
[2020.02.02-00.54.50:815][158]LogMaterial: Display: Missing cached shader map for material m_BaseMaterialWindows_01, compiling. 
[2020.02.02-00.54.50:877][158]LogMaterial: Display: Missing cached shader map for material m_BaseMaterialWindows_01, compiling. 
[2020.02.02-00.54.50:914][158]LogShaderCompilers: Display: Worker (1/5): shaders left to compile 24
[2020.02.02-00.54.50:914][158]LogShaderCompilers: Display: Worker (2/5): shaders left to compile 17
[2020.02.02-00.54.50:914][158]LogShaderCompilers: Display: Worker (3/5): shaders left to compile 10
[2020.02.02-00.54.50:914][158]LogShaderCompilers: Display: Worker (4/5): shaders left to compile 3
[2020.02.02-00.54.50:914][158]LogMaterial: Display: Missing cached shader map for material m_BaseMaterialWindows_01, compiling. 
[2020.02.02-00.54.50:947][158]LogMaterial: Display: Missing cached shader map for material m_BaseMaterialWindows_01, compiling. 
[2020.02.02-00.54.51:000][158]LogMaterial: Display: Missing cached shader map for material m_en_Lamp_01_02_flickering, compiling. 
[2020.02.02-00.54.51:066][158]LogMaterial: Display: Missing cached shader map for material m_en_Moon_01_02, compiling. 
[2020.02.02-00.55.32:583][158]LogTexture: Display: Building textures: HQ_Lightmap0_16 (AutoDXT, 1024X1024)
[2020.02.02-00.55.32:583][158]LogTexture: Display: Building textures: HQ_Lightmap0_17 (AutoDXT, 1024X1024)
[2020.02.02-00.55.32:583][158]LogTexture: Display: Building textures: HQ_Lightmap0_18 (AutoDXT, 1024X1024)
[2020.02.02-00.55.32:583][158]LogTexture: Display: Building textures: HQ_Lightmap0_20 (AutoDXT, 512X512)
[2020.02.02-00.55.32:583][158]LogTexture: Display: Building textures: HQ_Lightmap0_19 (AutoDXT, 1024X1024)
[2020.02.02-00.55.32:583][158]LogTexture: Display: Building textures: HQ_Lightmap0_21 (AutoDXT, 64X64)
[2020.02.02-00.55.32:583][158]LogTexture: Display: Building textures: HQ_Lightmap0_22 (AutoDXT, 64X64)
[2020.02.02-00.55.32:583][158]LogTexture: Display: Building textures: HQ_Lightmap0_4 (AutoDXT, 1024X1024)
[2020.02.02-00.55.32:583][158]LogShaderCompilers: Display: Worker (4/5): shaders left to compile 135
[2020.02.02-00.55.32:583][158]LogTexture: Display: Building textures: HQ_Lightmap0_2 (AutoDXT, 4096X4096)
[2020.02.02-00.55.32:583][158]LogTexture: Display: Building textures: HQ_Lightmap0_3 (AutoDXT, 4096X4096)
[2020.02.02-00.55.32:583][158]LogTexture: Display: Building textures: HQ_Lightmap0_5 (AutoDXT, 1024X1024)
[2020.02.02-00.55.32:583][158]LogTexture: Display: Building textures: HQ_Lightmap0_6 (AutoDXT, 1024X1024)
[2020.02.02-00.55.32:583][158]LogTexture: Display: Building textures: HQ_Lightmap0_7 (AutoDXT, 1024X1024)
[2020.02.02-00.55.32:583][158]LogTexture: Display: Building textures: HQ_Lightmap0_9 (AutoDXT, 1024X1024)
[2020.02.02-00.55.32:583][158]LogTexture: Display: Building textures: LQ_Lightmap_0_10 (DXT1, 1024X1024)
[2020.02.02-00.55.32:583][158]LogTexture: Display: Building textures: LQ_Lightmap_0_11 (DXT1, 1024X1024)
[2020.02.02-00.55.32:583][158]LogShaderCompilers: Display: Worker (3/5): shaders left to compile 125
[2020.02.02-00.55.32:584][158]LogTexture: Display: Building textures: LQ_Lightmap_0_12 (DXT1, 1024X1024)
[2020.02.02-00.55.32:584][158]LogTexture: Display: Building textures: LQ_Lightmap_0_13 (DXT1, 1024X1024)
[2020.02.02-00.55.32:584][158]LogTexture: Display: Building textures: LQ_Lightmap_0_14 (DXT1, 1024X1024)
[2020.02.02-00.55.32:584][158]LogTexture: Display: Building textures: LQ_Lightmap_0_15 (DXT1, 1024X1024)
[2020.02.02-00.55.32:584][158]LogTexture: Display: Building textures: LQ_Lightmap_0_16 (DXT1, 1024X1024)
[2020.02.02-00.55.32:584][158]LogTexture: Display: Building textures: LQ_Lightmap_0_17 (DXT1, 1024X1024)
[2020.02.02-00.55.32:584][158]LogTexture: Display: Building textures: LQ_Lightmap_0_18 (DXT1, 1024X1024)
[2020.02.02-00.55.32:584][158]LogTexture: Display: Building textures: LQ_Lightmap_0_19 (DXT1, 1024X1024)
[2020.02.02-00.55.32:584][158]LogShaderCompilers: Display: Worker (4/5): shaders left to compile 115
[2020.02.02-00.55.32:584][158]LogTexture: Display: Building textures: LQ_Lightmap_0_20 (DXT1, 512X512)
[2020.02.02-00.55.32:584][158]LogTexture: Display: Building textures: LQ_Lightmap_0_21 (DXT1, 64X64)
[2020.02.02-00.55.32:584][158]LogTexture: Display: Building textures: LQ_Lightmap_0_22 (DXT1, 64X64)
[2020.02.02-00.55.32:584][158]LogTexture: Display: Building textures: LQ_Lightmap_0_2 (DXT1, 4096X4096)
[2020.02.02-00.55.32:584][158]LogTexture: Display: Building textures: LQ_Lightmap_0_3 (DXT1, 4096X4096)
[2020.02.02-00.55.32:584][158]LogTexture: Display: Building textures: LQ_Lightmap_0_4 (DXT1, 1024X1024)
[2020.02.02-00.55.32:584][158]LogShaderCompilers: Display: Worker (2/5): shaders left to compile 105
[2020.02.02-00.55.32:584][158]LogTexture: Display: Building textures: LQ_Lightmap_0_5 (DXT1, 1024X1024)
[2020.02.02-00.55.32:584][158]LogTexture: Display: Building textures: LQ_Lightmap_0_6 (DXT1, 1024X1024)
[2020.02.02-00.55.32:584][158]LogTexture: Display: Building textures: LQ_Lightmap_0_7 (DXT1, 1024X1024)
[2020.02.02-00.55.32:584][158]LogTexture: Display: Building textures: LQ_Lightmap_0_9 (DXT1, 1024X1024)
[2020.02.02-00.55.32:584][158]LogShaderCompilers: Display: Worker (3/5): shaders left to compile 95
[2020.02.02-00.55.32:584][158]LogTexture: Display: Building textures: SkyOcclusion0_10 (AutoDXT, 1024X512)
[2020.02.02-00.55.32:584][158]LogTexture: Display: Building textures: SkyOcclusion0_11 (AutoDXT, 1024X512)
[2020.02.02-00.55.32:584][158]LogTexture: Display: Building textures: SkyOcclusion0_12 (AutoDXT, 1024X512)
[2020.02.02-00.55.32:584][158]LogTexture: Display: Building textures: SkyOcclusion0_13 (AutoDXT, 1024X512)
[2020.02.02-00.55.32:584][158]LogShaderCompilers: Display: Worker (4/5): shaders left to compile 85
[2020.02.02-00.55.32:584][158]LogTexture: Display: Building textures: SkyOcclusion0_14 (AutoDXT, 1024X512)
[2020.02.02-00.55.32:584][158]LogTexture: Display: Building textures: SkyOcclusion0_15 (AutoDXT, 1024X512)
[2020.02.02-00.55.32:584][158]LogTexture: Display: Building textures: SkyOcclusion0_16 (AutoDXT, 1024X512)
[2020.02.02-00.55.32:584][158]LogTexture: Display: Building textures: SkyOcclusion0_17 (AutoDXT, 1024X512)
[2020.02.02-00.55.32:585][158]LogShaderCompilers: Display: Worker (1/5): shaders left to compile 75
[2020.02.02-00.55.32:585][158]LogTexture: Display: Building textures: SkyOcclusion0_18 (AutoDXT, 1024X512)
[2020.02.02-00.55.32:585][158]LogTexture: Display: Building textures: SkyOcclusion0_19 (AutoDXT, 1024X512)
[2020.02.02-00.55.32:585][158]LogShaderCompilers: Display: Worker (2/5): shaders left to compile 65
[2020.02.02-00.55.32:585][158]LogTexture: Display: Building textures: SkyOcclusion0_20 (AutoDXT, 512X256)
[2020.02.02-00.55.32:585][158]LogTexture: Display: Building textures: SkyOcclusion0_21 (AutoDXT, 64X32)
[2020.02.02-00.55.32:585][158]LogTexture: Display: Building textures: SkyOcclusion0_22 (AutoDXT, 64X32)
[2020.02.02-00.55.32:585][158]LogTexture: Display: Building textures: SkyOcclusion0_2 (AutoDXT, 4096X2048)
[2020.02.02-00.55.32:585][158]LogTexture: Display: Building textures: SkyOcclusion0_3 (AutoDXT, 4096X2048)
[2020.02.02-00.55.32:585][158]LogTexture: Display: Building textures: SkyOcclusion0_4 (AutoDXT, 1024X512)
[2020.02.02-00.55.32:585][158]LogShaderCompilers: Display: Worker (3/5): shaders left to compile 55
[2020.02.02-00.55.32:585][158]LogShaderCompilers: Display: Worker (2/5): shaders left to compile 45
[2020.02.02-00.55.32:585][158]LogTexture: Display: Building textures: SkyOcclusion0_5 (AutoDXT, 1024X512)
[2020.02.02-00.55.32:585][158]LogShaderCompilers: Display: Worker (1/5): shaders left to compile 35
[2020.02.02-00.55.32:585][158]LogShaderCompilers: Display: Worker (4/5): shaders left to compile 26
[2020.02.02-00.55.32:585][158]LogTexture: Display: Building textures: SkyOcclusion0_6 (AutoDXT, 1024X512)
[2020.02.02-00.55.32:585][158]LogTexture: Display: Building textures: SkyOcclusion0_9 (AutoDXT, 1024X512)
[2020.02.02-00.55.32:585][158]LogTexture: Display: Building textures: SkyOcclusion0_7 (AutoDXT, 1024X512)
[2020.02.02-00.55.32:585][158]LogTexture: Display: Building textures: ShadowMapTexture2D_0 (BGRA8, 2048X2048)
[2020.02.02-00.55.32:585][158]LogTexture: Display: Building textures: ShadowMapTexture2D_1 (BGRA8, 2048X2048)
[2020.02.02-00.55.32:585][158]LogTexture: Display: Building textures: ShadowMapTexture2D_10 (BGRA8, 512X64)
[2020.02.02-00.55.32:585][158]LogTexture: Display: Building textures: ShadowMapTexture2D_11 (G8, 64X32)
[2020.02.02-00.55.32:585][158]LogTexture: Display: Building textures: ShadowMapTexture2D_2 (BGRA8, 1024X1024)
[2020.02.02-00.55.32:585][158]LogTexture: Display: Building textures: ShadowMapTexture2D_3 (BGRA8, 1024X1024)
[2020.02.02-00.55.32:585][158]LogTexture: Display: Building textures: ShadowMapTexture2D_4 (BGRA8, 1024X1024)
[2020.02.02-00.55.32:585][158]LogTexture: Display: Building textures: ShadowMapTexture2D_5 (BGRA8, 1024X1024)
[2020.02.02-00.55.32:585][158]LogTexture: Display: Building textures: ShadowMapTexture2D_6 (BGRA8, 1024X1024)
[2020.02.02-00.55.32:586][158]LogTexture: Display: Building textures: ShadowMapTexture2D_7 (BGRA8, 1024X1024)
[2020.02.02-00.55.32:586][158]LogTexture: Display: Building textures: ShadowMapTexture2D_9 (G8, 512X64)
[2020.02.02-00.55.32:586][158]LogTexture: Display: Building textures: ShadowMapTexture2D_8 (BGRA8, 1024X1024)
[2020.02.02-00.55.32:586][158]LogShaderCompilers: Display: Worker (3/5): shaders left to compile 17
[2020.02.02-00.55.32:586][158]LogShaderCompilers: Display: Worker (2/5): shaders left to compile 12
[2020.02.02-00.55.33:642][158]LogD3D11RHI: Error: Direct3DDevice->CreateTexture2D(TextureDesc,SubResourceData,OutTexture2D) failed 
 at D:/Build/++UE4/Sync/Engine/Source/Runtime/Windows/D3D11RHI/Private/D3D11Texture.cpp:480 
 with error DXGI_ERROR_DEVICE_REMOVED, 
 Size=64x64x1 PF=7 D3DFormat=(0x0000004C), NumMips=7, Flags=D3D11_BIND_SHADER_RESOURCE , Usage:0x0, CPUFlags:0x0, MiscFlags:0x0, SampleCount:0x1, SampleQuality:0x0, SubresPtr:0x0000000000000000, SubresPitch:0, SubresSlicePitch:0
[2020.02.02-00.55.33:642][158]LogD3D11RHI: [Aftermath] GDynamicRHI=0000027C293320C0, GDX11NVAfterMathEnabled=0, Result=0xFFFFFFFF, bDeviceActive=0
[2020.02.02-00.55.33:642][158]LogWindows: Windows GetLastError: La operación se completó correctamente. (0)
[2020.02.02-00.55.41:311][158]LogShaderCompilers: Display: Worker (3/5): shaders left to compile 8
[2020.02.02-00.55.41:311][158]LogShaderCompilers: Display: Worker (4/5): shaders left to compile 5
[2020.02.02-00.55.41:312][158]LogShaderCompilers: Display: Worker (1/5): shaders left to compile 2
[2020.02.02-00.55.41:312][158]LogShaderCompilers: Display: Worker (2/5): shaders left to compile 1
[2020.02.02-00.55.41:312][158]LogD3D11RHI: Error: Driver crashed while creating texture: 64x64x1 (0x0000004c) with 7 mips, PF_ 7
[2020.02.02-00.55.41:312][158]LogOutputDevice: Warning: 

Script Stack (0 frames):

[2020.02.02-00.55.41:312][158]LogWindows: Windows GetLastError: La operación se completó correctamente. (0)
[2020.02.02-00.55.41:377][158]LogWindows: Error: === Critical error: ===
[2020.02.02-00.55.41:377][158]LogWindows: Error: 
[2020.02.02-00.55.41:377][158]LogWindows: Error: Fatal error: [File:D:/Build/++UE4/Sync/Engine/Source/Runtime/RenderCore/Private/RenderingThread.cpp] [Line: 853] 
[2020.02.02-00.55.41:377][158]LogWindows: Error: Rendering thread exception:
[2020.02.02-00.55.41:377][158]LogWindows: Error: Fatal error: [File:D:/Build/++UE4/Sync/Engine/Source/Runtime/Windows/D3D11RHI/Private/D3D11Util.cpp] [Line: 198] 
[2020.02.02-00.55.41:377][158]LogWindows: Error: Unreal Engine is exiting due to D3D device being lost. (Error: 0x887A0007 - 'RESET')
[2020.02.02-00.55.41:377][158]LogWindows: Error: 
[2020.02.02-00.55.41:377][158]LogWindows: Error: 
[2020.02.02-00.55.41:377][158]LogWindows: Error: Unhandled Exception: 0x00008000
[2020.02.02-00.55.41:377][158]LogWindows: Error: 
[2020.02.02-00.55.41:377][158]LogWindows: Error: [Callstack] 0x00007ffe4af0a839 KERNELBASE.dll!UnknownFunction []
[2020.02.02-00.55.41:377][158]LogWindows: Error: [Callstack] 0x00007ffe1889c356 UE4Editor-Core.dll!UnknownFunction []
[2020.02.02-00.55.41:377][158]LogWindows: Error: [Callstack] 0x00007ffe1889de41 UE4Editor-Core.dll!UnknownFunction []
[2020.02.02-00.55.41:377][158]LogWindows: Error: [Callstack] 0x00007ffe18652c7d UE4Editor-Core.dll!UnknownFunction []
[2020.02.02-00.55.41:377][158]LogWindows: Error: [Callstack] 0x00007ffdf6e613c9 UE4Editor-D3D11RHI.dll!UnknownFunction []
[2020.02.02-00.55.41:377][158]LogWindows: Error: [Callstack] 0x00007ffdf6e65117 UE4Editor-D3D11RHI.dll!UnknownFunction []
[2020.02.02-00.55.41:378][158]LogWindows: Error: [Callstack] 0x00007ffdf6e5e766 UE4Editor-D3D11RHI.dll!UnknownFunction []
[2020.02.02-00.55.41:378][158]LogWindows: Error: [Callstack] 0x00007ffdf6e10365 UE4Editor-D3D11RHI.dll!UnknownFunction []
[2020.02.02-00.55.41:378][158]LogWindows: Error: [Callstack] 0x00007ffdf6e4e896 UE4Editor-D3D11RHI.dll!UnknownFunction []
[2020.02.02-00.55.41:378][158]LogWindows: Error: [Callstack] 0x00007ffdf3bf27b9 UE4Editor-Engine.dll!UnknownFunction []
[2020.02.02-00.55.41:378][158]LogWindows: Error: [Callstack] 0x00007ffe1f886895 UE4Editor-RenderCore.dll!UnknownFunction []
[2020.02.02-00.55.41:378][158]LogWindows: Error: [Callstack] 0x00007ffe1f8f8806 UE4Editor-RenderCore.dll!UnknownFunction []
[2020.02.02-00.55.41:378][158]LogWindows: Error: [Callstack] 0x00007ffe18429ff2 UE4Editor-Core.dll!UnknownFunction []
[2020.02.02-00.55.41:378][158]LogWindows: Error: [Callstack] 0x00007ffe1842a393 UE4Editor-Core.dll!UnknownFunction []
[2020.02.02-00.55.41:378][158]LogWindows: Error: [Callstack] 0x00007ffe1f935391 UE4Editor-RenderCore.dll!UnknownFunction []
[2020.02.02-00.55.41:378][158]LogWindows: Error: [Callstack] 0x00007ffe1f93e254 UE4Editor-RenderCore.dll!UnknownFunction []
[2020.02.02-00.55.41:378][158]LogWindows: Error: [Callstack] 0x00007ffe188a380f UE4Editor-Core.dll!UnknownFunction []
[2020.02.02-00.55.41:378][158]LogWindows: Error: [Callstack] 0x00007ffe188a3644 UE4Editor-Core.dll!UnknownFunction []
[2020.02.02-00.55.41:378][158]LogWindows: Error: [Callstack] 0x00007ffe4d6a7bd4 KERNEL32.DLL!UnknownFunction []
[2020.02.02-00.55.41:378][158]LogWindows: Error: [Callstack] 0x00007ffe4db8ced1 ntdll.dll!UnknownFunction []
[2020.02.02-00.55.41:378][158]LogWindows: Error: 
[2020.02.02-00.55.41:378][158]LogWindows: Error: 
[2020.02.02-00.55.41:378][158]LogWindows: Error: 
[2020.02.02-00.55.41:378][158]LogWindows: Error: 
[2020.02.02-00.55.41:452][158]LogExit: Executing StaticShutdownAfterError
[2020.02.02-00.55.41:502][158]LogWindows: FPlatformMisc::RequestExit(1)
[2020.02.02-00.55.41:502][158]LogCore: Engine exit requested (reason: Win RequestExit)
[2020.02.02-00.55.41:526][158]Log file closed, 02/02/20 01:55:41
